This is pdfTeX, Version 3.14159265-2.6-1.40.16 (TeX Live 2015/Debian) (preloaded format=pdflatex 2018.10.15)  1 DEC 2019 12:17
entering extended mode
 restricted \write18 enabled.
 %&-line parsing enabled.
**main
(./main.tex
LaTeX2e <2016/02/01>
Babel <3.9q> and hyphenation patterns for 81 language(s) loaded.
(/usr/share/texlive/texmf-dist/tex/latex/base/article.cls
Document Class: article 2014/09/29 v1.4h Standard LaTeX document class
(/usr/share/texlive/texmf-dist/tex/latex/base/size12.clo
File: size12.clo 2014/09/29 v1.4h Standard LaTeX file (size option)
)
\c@part=\count79
\c@section=\count80
\c@subsection=\count81
\c@subsubsection=\count82
\c@paragraph=\count83
\c@subparagraph=\count84
\c@figure=\count85
\c@table=\count86
\abovecaptionskip=\skip41
\belowcaptionskip=\skip42
\bibindent=\dimen102
)
(/usr/share/texlive/texmf-dist/tex/latex/natbib/natbib.sty
Package: natbib 2010/09/13 8.31b (PWD, AO)
\bibhang=\skip43
\bibsep=\skip44
LaTeX Info: Redefining \cite on input line 694.
\c@NAT@ctr=\count87
)
(/usr/share/texlive/texmf-dist/tex/latex/tools/array.sty
Package: array 2014/10/28 v2.4c Tabular extension package (FMi)
\col@sep=\dimen103
\extrarowheight=\dimen104
\NC@list=\toks14
\extratabsurround=\skip45
\backup@length=\skip46
)
(/usr/share/texlive/texmf-dist/tex/latex/graphics/epsfig.sty
Package: epsfig 1999/02/16 v1.7a (e)psfig emulation (SPQR)

(/usr/share/texlive/texmf-dist/tex/latex/graphics/graphicx.sty
Package: graphicx 2014/10/28 v1.0g Enhanced LaTeX Graphics (DPC,SPQR)

(/usr/share/texlive/texmf-dist/tex/latex/graphics/keyval.sty
Package: keyval 2014/10/28 v1.15 key=value parser (DPC)
\KV@toks@=\toks15
)
(/usr/share/texlive/texmf-dist/tex/latex/graphics/graphics.sty
Package: graphics 2016/01/03 v1.0q Standard LaTeX Graphics (DPC,SPQR)

(/usr/share/texlive/texmf-dist/tex/latex/graphics/trig.sty
Package: trig 2016/01/03 v1.10 sin cos tan (DPC)
)
(/usr/share/texlive/texmf-dist/tex/latex/latexconfig/graphics.cfg
File: graphics.cfg 2010/04/23 v1.9 graphics configuration of TeX Live
)
Package graphics Info: Driver file: pdftex.def on input line 95.

(/usr/share/texlive/texmf-dist/tex/latex/pdftex-def/pdftex.def
File: pdftex.def 2011/05/27 v0.06d Graphics/color for pdfTeX

(/usr/share/texlive/texmf-dist/tex/generic/oberdiek/infwarerr.sty
Package: infwarerr 2010/04/08 v1.3 Providing info/warning/error messages (HO)
)
(/usr/share/texlive/texmf-dist/tex/generic/oberdiek/ltxcmds.sty
Package: ltxcmds 2011/11/09 v1.22 LaTeX kernel commands for general use (HO)
)
\Gread@gobject=\count88
))
\Gin@req@height=\dimen105
\Gin@req@width=\dimen106
)
\epsfxsize=\dimen107
\epsfysize=\dimen108
)
(/usr/share/texlive/texmf-dist/tex/latex/fancyhdr/fancyheadings.sty
Package: fancyheadings 2008/02/04 1.99 Dummy package to call fancyhdr


Package fancyheadings Warning: Please stop using fancyheadings!
(fancyheadings)                Use fancyhdr instead.
(fancyheadings)                We will call fancyhdr with the very same
(fancyheadings)                options you passed to fancyheadings.
(fancyheadings)                
(fancyheadings)                fancyhdr is 99 percent compatible with
(fancyheadings)                fancyheadings. The only incompatibility is
(fancyheadings)                that \headrulewidth and \footrulewidth and
(fancyheadings)                their \plain... versions are no longer length
(fancyheadings)                parameters, but normal macros (to be changed
(fancyheadings)                with \renewcommand rather than \setlength)..

(/usr/share/texlive/texmf-dist/tex/latex/fancyhdr/fancyhdr.sty
\fancy@headwidth=\skip47
\f@ncyO@elh=\skip48
\f@ncyO@erh=\skip49
\f@ncyO@olh=\skip50
\f@ncyO@orh=\skip51
\f@ncyO@elf=\skip52
\f@ncyO@erf=\skip53
\f@ncyO@olf=\skip54
\f@ncyO@orf=\skip55
))
(/usr/share/texlive/texmf-dist/tex/latex/rotating/rotating.sty
Package: rotating 2009/03/28 v2.16a rotated objects in LaTeX

(/usr/share/texlive/texmf-dist/tex/latex/base/ifthen.sty
Package: ifthen 2014/09/29 v1.1c Standard LaTeX ifthen package (DPC)
)
\c@r@tfl@t=\count89
\rotFPtop=\skip56
\rotFPbot=\skip57
\rot@float@box=\box26
\rot@mess@toks=\toks16
)
(/usr/share/texlive/texmf-dist/tex/latex/hyperref/hyperref.sty
Package: hyperref 2012/11/06 v6.83m Hypertext links for LaTeX

(/usr/share/texlive/texmf-dist/tex/generic/oberdiek/hobsub-hyperref.sty
Package: hobsub-hyperref 2012/05/28 v1.13 Bundle oberdiek, subset hyperref (HO)


(/usr/share/texlive/texmf-dist/tex/generic/oberdiek/hobsub-generic.sty
Package: hobsub-generic 2012/05/28 v1.13 Bundle oberdiek, subset generic (HO)
Package: hobsub 2012/05/28 v1.13 Construct package bundles (HO)
Package hobsub Info: Skipping package `infwarerr' (already loaded).
Package hobsub Info: Skipping package `ltxcmds' (already loaded).
Package: ifluatex 2010/03/01 v1.3 Provides the ifluatex switch (HO)
Package ifluatex Info: LuaTeX not detected.
Package: ifvtex 2010/03/01 v1.5 Detect VTeX and its facilities (HO)
Package ifvtex Info: VTeX not detected.
Package: intcalc 2007/09/27 v1.1 Expandable calculations with integers (HO)
Package: ifpdf 2011/01/30 v2.3 Provides the ifpdf switch (HO)
Package ifpdf Info: pdfTeX in PDF mode is detected.
Package: etexcmds 2011/02/16 v1.5 Avoid name clashes with e-TeX commands (HO)
Package etexcmds Info: Could not find \expanded.
(etexcmds)             That can mean that you are not using pdfTeX 1.50 or
(etexcmds)             that some package has redefined \expanded.
(etexcmds)             In the latter case, load this package earlier.
Package: kvsetkeys 2012/04/25 v1.16 Key value parser (HO)
Package: kvdefinekeys 2011/04/07 v1.3 Define keys (HO)
Package: pdftexcmds 2011/11/29 v0.20 Utility functions of pdfTeX for LuaTeX (HO
)
Package pdftexcmds Info: LuaTeX not detected.
Package pdftexcmds Info: \pdf@primitive is available.
Package pdftexcmds Info: \pdf@ifprimitive is available.
Package pdftexcmds Info: \pdfdraftmode found.
Package: pdfescape 2011/11/25 v1.13 Implements pdfTeX's escape features (HO)
Package: bigintcalc 2012/04/08 v1.3 Expandable calculations on big integers (HO
)
Package: bitset 2011/01/30 v1.1 Handle bit-vector datatype (HO)
Package: uniquecounter 2011/01/30 v1.2 Provide unlimited unique counter (HO)
)
Package hobsub Info: Skipping package `hobsub' (already loaded).
Package: letltxmacro 2010/09/02 v1.4 Let assignment for LaTeX macros (HO)
Package: hopatch 2012/05/28 v1.2 Wrapper for package hooks (HO)
Package: xcolor-patch 2011/01/30 xcolor patch
Package: atveryend 2011/06/30 v1.8 Hooks at the very end of document (HO)
Package atveryend Info: \enddocument detected (standard20110627).
Package: atbegshi 2011/10/05 v1.16 At begin shipout hook (HO)
Package: refcount 2011/10/16 v3.4 Data extraction from label references (HO)
Package: hycolor 2011/01/30 v1.7 Color options for hyperref/bookmark (HO)
)
(/usr/share/texlive/texmf-dist/tex/generic/ifxetex/ifxetex.sty
Package: ifxetex 2010/09/12 v0.6 Provides ifxetex conditional
)
(/usr/share/texlive/texmf-dist/tex/latex/oberdiek/auxhook.sty
Package: auxhook 2011/03/04 v1.3 Hooks for auxiliary files (HO)
)
(/usr/share/texlive/texmf-dist/tex/latex/oberdiek/kvoptions.sty
Package: kvoptions 2011/06/30 v3.11 Key value format for package options (HO)
)
\@linkdim=\dimen109
\Hy@linkcounter=\count90
\Hy@pagecounter=\count91

(/usr/share/texlive/texmf-dist/tex/latex/hyperref/pd1enc.def
File: pd1enc.def 2012/11/06 v6.83m Hyperref: PDFDocEncoding definition (HO)
)
\Hy@SavedSpaceFactor=\count92

(/usr/share/texlive/texmf-dist/tex/latex/latexconfig/hyperref.cfg
File: hyperref.cfg 2002/06/06 v1.2 hyperref configuration of TeXLive
)
Package hyperref Info: Hyper figures OFF on input line 4443.
Package hyperref Info: Link nesting OFF on input line 4448.
Package hyperref Info: Hyper index ON on input line 4451.
Package hyperref Info: Plain pages OFF on input line 4458.
Package hyperref Info: Backreferencing OFF on input line 4463.
Package hyperref Info: Implicit mode ON; LaTeX internals redefined.
Package hyperref Info: Bookmarks ON on input line 4688.
\c@Hy@tempcnt=\count93

(/usr/share/texlive/texmf-dist/tex/latex/url/url.sty
\Urlmuskip=\muskip10
Package: url 2013/09/16  ver 3.4  Verb mode for urls, etc.
)
LaTeX Info: Redefining \url on input line 5041.
\XeTeXLinkMargin=\dimen110
\Fld@menulength=\count94
\Field@Width=\dimen111
\Fld@charsize=\dimen112
Package hyperref Info: Hyper figures OFF on input line 6295.
Package hyperref Info: Link nesting OFF on input line 6300.
Package hyperref Info: Hyper index ON on input line 6303.
Package hyperref Info: backreferencing OFF on input line 6310.
Package hyperref Info: Link coloring OFF on input line 6315.
Package hyperref Info: Link coloring with OCG OFF on input line 6320.
Package hyperref Info: PDF/A mode OFF on input line 6325.
LaTeX Info: Redefining \ref on input line 6365.
LaTeX Info: Redefining \pageref on input line 6369.
\Hy@abspage=\count95
\c@Item=\count96
\c@Hfootnote=\count97
)

Package hyperref Message: Driver (autodetected): hpdftex.

(/usr/share/texlive/texmf-dist/tex/latex/hyperref/hpdftex.def
File: hpdftex.def 2012/11/06 v6.83m Hyperref driver for pdfTeX
\Fld@listcount=\count98
\c@bookmark@seq@number=\count99

(/usr/share/texlive/texmf-dist/tex/latex/oberdiek/rerunfilecheck.sty
Package: rerunfilecheck 2011/04/15 v1.7 Rerun checks for auxiliary files (HO)
Package uniquecounter Info: New unique counter `rerunfilecheck' on input line 2
82.
)
\Hy@SectionHShift=\skip58
)
(/usr/share/texlive/texmf-dist/tex/latex/sectsty/sectsty.sty
Package: sectsty 2002/02/25 v2.0.2 Commands to change all sectional heading sty
les
)
(/usr/share/texlive/texmf-dist/tex/latex/secdot/secdot.sty
Package: secdot 2000/06/20 v1.0 section numbers with dots
)
(/usr/share/texlive/texmf-dist/tex/latex/amsmath/amsmath.sty
Package: amsmath 2016/03/03 v2.15a AMS math features
\@mathmargin=\skip59

For additional information on amsmath, use the `?' option.
(/usr/share/texlive/texmf-dist/tex/latex/amsmath/amstext.sty
Package: amstext 2000/06/29 v2.01 AMS text

(/usr/share/texlive/texmf-dist/tex/latex/amsmath/amsgen.sty
File: amsgen.sty 1999/11/30 v2.0 generic functions
\@emptytoks=\toks17
\ex@=\dimen113
))
(/usr/share/texlive/texmf-dist/tex/latex/amsmath/amsbsy.sty
Package: amsbsy 1999/11/29 v1.2d Bold Symbols
\pmbraise@=\dimen114
)
(/usr/share/texlive/texmf-dist/tex/latex/amsmath/amsopn.sty
Package: amsopn 1999/12/14 v2.01 operator names
)
\inf@bad=\count100
LaTeX Info: Redefining \frac on input line 199.
\uproot@=\count101
\leftroot@=\count102
LaTeX Info: Redefining \overline on input line 297.
\classnum@=\count103
\DOTSCASE@=\count104
LaTeX Info: Redefining \ldots on input line 394.
LaTeX Info: Redefining \dots on input line 397.
LaTeX Info: Redefining \cdots on input line 518.
\Mathstrutbox@=\box27
\strutbox@=\box28
\big@size=\dimen115
LaTeX Font Info:    Redeclaring font encoding OML on input line 630.
LaTeX Font Info:    Redeclaring font encoding OMS on input line 631.
\macc@depth=\count105
\c@MaxMatrixCols=\count106
\dotsspace@=\muskip11
\c@parentequation=\count107
\dspbrk@lvl=\count108
\tag@help=\toks18
\row@=\count109
\column@=\count110
\maxfields@=\count111
\andhelp@=\toks19
\eqnshift@=\dimen116
\alignsep@=\dimen117
\tagshift@=\dimen118
\tagwidth@=\dimen119
\totwidth@=\dimen120
\lineht@=\dimen121
\@envbody=\toks20
\multlinegap=\skip60
\multlinetaggap=\skip61
\mathdisplay@stack=\toks21
LaTeX Info: Redefining \[ on input line 2735.
LaTeX Info: Redefining \] on input line 2736.
)
(/usr/share/texlive/texmf-dist/tex/latex/amsfonts/amssymb.sty
Package: amssymb 2013/01/14 v3.01 AMS font symbols

(/usr/share/texlive/texmf-dist/tex/latex/amsfonts/amsfonts.sty
Package: amsfonts 2013/01/14 v3.01 Basic AMSFonts support
\symAMSa=\mathgroup4
\symAMSb=\mathgroup5
LaTeX Font Info:    Overwriting math alphabet `\mathfrak' in version `bold'
(Font)                  U/euf/m/n --> U/euf/b/n on input line 106.
))
(/usr/share/texlive/texmf-dist/tex/latex/multirow/multirow.sty
\bigstrutjot=\dimen122
)
(/usr/share/texlive/texmf-dist/tex/latex/amscls/amsthm.sty
Package: amsthm 2015/03/04 v2.20.2
\thm@style=\toks22
\thm@bodyfont=\toks23
\thm@headfont=\toks24
\thm@notefont=\toks25
\thm@headpunct=\toks26
\thm@preskip=\skip62
\thm@postskip=\skip63
\thm@headsep=\skip64
\dth@everypar=\toks27
)
(/usr/share/texlive/texmf-dist/tex/latex/appendix/appendix.sty
Package: appendix 2009/09/02 v1.2b extra appendix facilities
\c@@pps=\count112
\c@@ppsavesec=\count113
\c@@ppsaveapp=\count114
)
(/usr/share/texlive/texmf-dist/tex/latex/tools/bm.sty
Package: bm 2014/10/28 v1.1c Bold Symbol Support (DPC/FMi)
\symboldoperators=\mathgroup6
\symboldletters=\mathgroup7
\symboldsymbols=\mathgroup8
LaTeX Font Info:    Redeclaring math alphabet \mathbf on input line 141.
LaTeX Info: Redefining \bm on input line 207.
)
(/usr/share/texlive/texmf-dist/tex/latex/graphics/color.sty
Package: color 2016/01/03 v1.1b Standard LaTeX Color (DPC)

(/usr/share/texlive/texmf-dist/tex/latex/latexconfig/color.cfg
File: color.cfg 2007/01/18 v1.5 color configuration of teTeX/TeXLive
)
Package color Info: Driver file: pdftex.def on input line 143.
)
(/usr/share/texlive/texmf-dist/tex/latex/booktabs/booktabs.sty
Package: booktabs 2005/04/14 v1.61803 publication quality tables
\heavyrulewidth=\dimen123
\lightrulewidth=\dimen124
\cmidrulewidth=\dimen125
\belowrulesep=\dimen126
\belowbottomsep=\dimen127
\aboverulesep=\dimen128
\abovetopsep=\dimen129
\cmidrulesep=\dimen130
\cmidrulekern=\dimen131
\defaultaddspace=\dimen132
\@cmidla=\count115
\@cmidlb=\count116
\@aboverulesep=\dimen133
\@belowrulesep=\dimen134
\@thisruleclass=\count117
\@lastruleclass=\count118
\@thisrulewidth=\dimen135
)
(/usr/share/texlive/texmf-dist/tex/latex/algorithms/algorithm.sty
Package: algorithm 2009/08/24 v0.1 Document Style `algorithm' - floating enviro
nment

(/usr/share/texlive/texmf-dist/tex/latex/float/float.sty
Package: float 2001/11/08 v1.3d Float enhancements (AL)
\c@float@type=\count119
\float@exts=\toks28
\float@box=\box29
\@float@everytoks=\toks29
\@floatcapt=\box30
)
\@float@every@algorithm=\toks30
\c@algorithm=\count120
)
(/usr/share/texlive/texmf-dist/tex/latex/algorithms/algorithmic.sty
Package: algorithmic 2009/08/24 v0.1 Document Style `algorithmic'
\c@ALC@unique=\count121
\c@ALC@line=\count122
\c@ALC@rem=\count123
\c@ALC@depth=\count124
\ALC@tlm=\skip65
\algorithmicindent=\skip66
)
(/usr/share/texlive/texmf-dist/tex/latex/IEEEtran/IEEEtrantools.sty
Package: IEEEtrantools 2015/08/26 V1.5 by Michael Shell

-- See the "IEEEtrantools_doc.txt" manual for usage information.
-- http://www.michaelshell.org/tex/ieeetran/tools/
\@IEEEtrantmpdimenA=\dimen136
\@IEEEtrantmpdimenB=\dimen137
\@IEEEtrantmpdimenC=\dimen138
\@IEEEtrantmpcountA=\count125
\@IEEEtrantmpcountB=\count126
\@IEEEtrantmpcountC=\count127
\@IEEEtrantmptoksA=\toks31
\IEEEnormaljot=\dimen139
\IEEEquantizedlength=\dimen140
\IEEEquantizedlengthdiff=\dimen141
\IEEEquantizedtextheightdiff=\dimen142
\IEEEilabelindentA=\dimen143
\IEEEilabelindentB=\dimen144
\IEEEilabelindent=\dimen145
\IEEEelabelindent=\dimen146
\IEEEdlabelindent=\dimen147
\IEEElabelindent=\dimen148
\IEEEiednormlabelsep=\dimen149
\IEEEiedmathlabelsep=\dimen150
\IEEEiedtopsep=\skip67
\c@IEEEsubequation=\count128
\@IEEEeqnnumcols=\count129
\@IEEEeqncolcnt=\count130
\@IEEEsubeqnnumrollback=\count131
\IEEEPARstartletwidth=\dimen151
) (/usr/share/texlive/texmf-dist/tex/latex/tools/enumerate.sty
Package: enumerate 2015/07/23 v3.00 enumerate extensions (DPC)
\@enLab=\toks32
)
(/usr/share/texlive/texmf-dist/tex/latex/subfigure/subfigure.sty
Package: subfigure 2002/03/15 v2.1.5 subfigure package
\subfigtopskip=\skip68
\subfigcapskip=\skip69
\subfigcaptopadj=\dimen152
\subfigbottomskip=\skip70
\subfigcapmargin=\dimen153
\subfiglabelskip=\skip71
\c@subfigure=\count132
\c@lofdepth=\count133
\c@subtable=\count134
\c@lotdepth=\count135

****************************************
* Local config file subfigure.cfg used *
****************************************
(/usr/share/texlive/texmf-dist/tex/latex/subfigure/subfigure.cfg)
\subfig@top=\skip72
\subfig@bottom=\skip73
)
(/usr/share/texlive/texmf-dist/tex/latex/tools/xr.sty
Package: xr 1994/05/28 v5.02 eXternal References (DPC)
)
\c@assumption=\count136
\c@theorem=\count137
\c@lemma=\count138
\c@corollary=\count139
\c@proposition=\count140
\c@definition=\count141
\c@example=\count142
\c@remark=\count143
 (./main.aux)
\openout1 = `main.aux'.

LaTeX Font Info:    Checking defaults for OML/cmm/m/it on input line 118.
LaTeX Font Info:    ... okay on input line 118.
LaTeX Font Info:    Checking defaults for T1/cmr/m/n on input line 118.
LaTeX Font Info:    ... okay on input line 118.
LaTeX Font Info:    Checking defaults for OT1/cmr/m/n on input line 118.
LaTeX Font Info:    ... okay on input line 118.
LaTeX Font Info:    Checking defaults for OMS/cmsy/m/n on input line 118.
LaTeX Font Info:    ... okay on input line 118.
LaTeX Font Info:    Checking defaults for OMX/cmex/m/n on input line 118.
LaTeX Font Info:    ... okay on input line 118.
LaTeX Font Info:    Checking defaults for U/cmr/m/n on input line 118.
LaTeX Font Info:    ... okay on input line 118.
LaTeX Font Info:    Checking defaults for PD1/pdf/m/n on input line 118.
LaTeX Font Info:    ... okay on input line 118.

(/usr/share/texlive/texmf-dist/tex/context/base/supp-pdf.mkii
[Loading MPS to PDF converter (version 2006.09.02).]
\scratchcounter=\count144
\scratchdimen=\dimen154
\scratchbox=\box31
\nofMPsegments=\count145
\nofMParguments=\count146
\everyMPshowfont=\toks33
\MPscratchCnt=\count147
\MPscratchDim=\dimen155
\MPnumerator=\count148
\makeMPintoPDFobject=\count149
\everyMPtoPDFconversion=\toks34
) (/usr/share/texlive/texmf-dist/tex/latex/oberdiek/epstopdf-base.sty
Package: epstopdf-base 2010/02/09 v2.5 Base part for package epstopdf

(/usr/share/texlive/texmf-dist/tex/latex/oberdiek/grfext.sty
Package: grfext 2010/08/19 v1.1 Manage graphics extensions (HO)
)
Package grfext Info: Graphics extension search list:
(grfext)             [.png,.pdf,.jpg,.mps,.jpeg,.jbig2,.jb2,.PNG,.PDF,.JPG,.JPE
G,.JBIG2,.JB2,.eps]
(grfext)             \AppendGraphicsExtensions on input line 452.

(/usr/share/texlive/texmf-dist/tex/latex/latexconfig/epstopdf-sys.cfg
File: epstopdf-sys.cfg 2010/07/13 v1.3 Configuration of (r)epstopdf for TeX Liv
e
))
\AtBeginShipoutBox=\box32
Package hyperref Info: Link coloring OFF on input line 118.

(/usr/share/texlive/texmf-dist/tex/latex/hyperref/nameref.sty
Package: nameref 2012/10/27 v2.43 Cross-referencing by name of section

(/usr/share/texlive/texmf-dist/tex/generic/oberdiek/gettitlestring.sty
Package: gettitlestring 2010/12/03 v1.4 Cleanup title references (HO)
)
\c@section@level=\count150
)
LaTeX Info: Redefining \ref on input line 118.
LaTeX Info: Redefining \pageref on input line 118.
LaTeX Info: Redefining \nameref on input line 118.

(./main.out) (./main.out)
\@outlinefile=\write3
\openout3 = `main.out'.

LaTeX Font Info:    Try loading font information for U+msa on input line 136.

(/usr/share/texlive/texmf-dist/tex/latex/amsfonts/umsa.fd
File: umsa.fd 2013/01/14 v3.01 AMS symbols A
)
LaTeX Font Info:    Try loading font information for U+msb on input line 136.

(/usr/share/texlive/texmf-dist/tex/latex/amsfonts/umsb.fd
File: umsb.fd 2013/01/14 v3.01 AMS symbols B
)

Package Fancyhdr Warning: \headheight is too small (12.0pt): 
 Make it at least 41.68335pt.
 We now make it that large for the rest of the document.
 This may cause the page layout to be inconsistent, however.

[1{/var/lib/texmf/fonts/map/pdftex/updmap/pdftex.map}

]
Missing character: There is no ã in font cmr12!
Missing character: There is no € in font cmr12!
Missing character: There is no € in font cmr12!
 [2] [3] [4] [5] [6]
[7] [8] [9] [10] [11] [12] [13] [14] [15] [16] [17] [18]
Overfull \hbox (20.55276pt too wide) in paragraph at lines 832--833
[]\OT1/cmr/bx/n/12 Proposition 3. []\OT1/cmr/m/it/12 Sup-pose that $\OML/cmm/m/
it/12 r \OT1/cmr/m/n/12 = \OML/cmm/m/it/12 o\OT1/cmr/m/n/12 (\OML/cmm/m/it/12 n
\OT1/cmr/m/n/12 )$\OT1/cmr/m/it/12 , $[]\OT1/cmr/m/n/12 (\OT1/cmr/bx/n/12 ^^C[]
\OT1/cmr/m/n/12 )\OML/cmm/m/it/12 =\OT1/cmr/m/n/12 (\OML/cmm/m/it/12 n\OML/cmm/
b/it/12 ^^U[]\OT1/cmr/m/n/12 ) \OMS/cmsy/m/n/12 ! \OT1/cmr/m/n/12 0$ \OT1/cmr/m
/it/12 and $\OML/cmm/m/it/12 r\OML/cmm/b/it/12 ^^U[]\OML/cmm/m/it/12 = []\OT1/c
mr/m/n/12 (\OT1/cmr/bx/n/12 ^^C[]\OT1/cmr/m/n/12 ) \OMS/cmsy/m/n/12 !
 []

[19] [20]
Overfull \hbox (34.92337pt too wide) in paragraph at lines 873--874
[]\OT1/cmr/bx/n/12 Proposition 4. []\OT1/cmr/m/it/12 Sup-pose that $\OML/cmm/m/
it/12 r \OT1/cmr/m/n/12 = \OML/cmm/m/it/12 o\OT1/cmr/m/n/12 (\OML/cmm/m/it/12 n
\OT1/cmr/m/n/12 )$\OT1/cmr/m/it/12 , $[]\OT1/cmr/m/n/12 (\OT1/cmr/bx/n/12 ^^C[]
\OT1/cmr/m/n/12 )\OML/cmm/b/it/12 ^^U[]\OML/cmm/m/it/12 =\OT1/cmr/m/n/12 (\OML/
cmm/m/it/12 n\OML/cmm/b/it/12 ^^U[]\OT1/cmr/m/n/12 ) \OMS/cmsy/m/n/12 ! \OT1/cm
r/m/n/12 0$ \OT1/cmr/m/it/12 and $\OML/cmm/m/it/12 n\OML/cmm/b/it/12 ^^U[]\OML/
cmm/m/it/12 = []\OT1/cmr/m/n/12 (\OT1/cmr/bx/n/12 ^^C[]\OT1/cmr/m/n/12 ) \OMS/c
msy/m/n/12 !
 []


Overfull \hbox (24.69225pt too wide) in paragraph at lines 901--904
[]\OT1/cmr/bx/n/12 Theorem 2. []\OT1/cmr/m/it/12 Sup-pose that $\OML/cmm/m/it/1
2 r \OT1/cmr/m/n/12 = \OML/cmm/m/it/12 o\OT1/cmr/m/n/12 ([])$\OT1/cmr/m/it/12 ,
 $\OML/cmm/m/it/12 r []\OT1/cmr/m/n/12 (\OT1/cmr/bx/n/12 ^^C[]\OT1/cmr/m/n/12 )
\OML/cmm/b/it/12 ^^U[]\OML/cmm/m/it/12 =\OT1/cmr/m/n/12 (\OML/cmm/m/it/12 n\OML
/cmm/b/it/12 ^^U[]\OT1/cmr/m/n/12 ) \OMS/cmsy/m/n/12 ! \OT1/cmr/m/n/12 0$\OT1/c
mr/m/it/12 , $\OML/cmm/m/it/12 rn\OML/cmm/b/it/12 ^^U[]\OML/cmm/m/it/12 = []\OT
1/cmr/m/n/12 (\OT1/cmr/bx/n/12 ^^C[]\OT1/cmr/m/n/12 ) \OMS/cmsy/m/n/12 !
 []

[21] [22] [23] [24] [25] [26] [27]
LaTeX Font Info:    Try loading font information for OMS+cmr on input line 1429
.

(/usr/share/texlive/texmf-dist/tex/latex/base/omscmr.fd
File: omscmr.fd 2014/09/29 v2.5h Standard LaTeX font definitions
)
LaTeX Font Info:    Font shape `OMS/cmr/m/n' in size <12> not available
(Font)              Font shape `OMS/cmsy/m/n' tried instead on input line 1429.

 [28]
Package epstopdf Info: Source file: <t1l.eps>
(epstopdf)                    date: 2019-02-26 11:51:49
(epstopdf)                    size: 12596 bytes
(epstopdf)             Output file: <t1l-eps-converted-to.pdf>
(epstopdf)                    date: 2019-02-26 11:51:58
(epstopdf)                    size: 13889 bytes
(epstopdf)             Command: <repstopdf --outfile=t1l-eps-converted-to.pdf t
1l.eps>
(epstopdf)             \includegraphics on input line 1468.
Package epstopdf Info: Output file is already uptodate.


pdfTeX warning: pdflatex (file ./t1l-eps-converted-to.pdf): PDF inclusion: foun
d PDF version <1.7>, but at most version <1.5> allowed
<t1l-eps-converted-to.pdf, id=416, 505.89pt x 505.89pt>
File: t1l-eps-converted-to.pdf Graphic file (type pdf)

<use t1l-eps-converted-to.pdf>
Package pdftex.def Info: t1l-eps-converted-to.pdf used on input line 1468.
(pdftex.def)             Requested size: 172.25879pt x 172.26277pt.
Package epstopdf Info: Source file: <t1r.eps>
(epstopdf)                    date: 2019-02-26 11:51:49
(epstopdf)                    size: 8946 bytes
(epstopdf)             Output file: <t1r-eps-converted-to.pdf>
(epstopdf)                    date: 2019-02-26 11:51:58
(epstopdf)                    size: 12666 bytes
(epstopdf)             Command: <repstopdf --outfile=t1r-eps-converted-to.pdf t
1r.eps>
(epstopdf)             \includegraphics on input line 1471.
Package epstopdf Info: Output file is already uptodate.


pdfTeX warning: pdflatex (file ./t1r-eps-converted-to.pdf): PDF inclusion: foun
d PDF version <1.7>, but at most version <1.5> allowed
<t1r-eps-converted-to.pdf, id=417, 505.89pt x 505.89pt>
File: t1r-eps-converted-to.pdf Graphic file (type pdf)

<use t1r-eps-converted-to.pdf>
Package pdftex.def Info: t1r-eps-converted-to.pdf used on input line 1471.
(pdftex.def)             Requested size: 172.25879pt x 172.26277pt.
Package epstopdf Info: Source file: <t1lb.eps>
(epstopdf)                    date: 2019-02-26 11:51:49
(epstopdf)                    size: 8951 bytes
(epstopdf)             Output file: <t1lb-eps-converted-to.pdf>
(epstopdf)                    date: 2019-02-26 11:51:59
(epstopdf)                    size: 12481 bytes
(epstopdf)             Command: <repstopdf --outfile=t1lb-eps-converted-to.pdf 
t1lb.eps>
(epstopdf)             \includegraphics on input line 1475.
Package epstopdf Info: Output file is already uptodate.


pdfTeX warning: pdflatex (file ./t1lb-eps-converted-to.pdf): PDF inclusion: fou
nd PDF version <1.7>, but at most version <1.5> allowed
<t1lb-eps-converted-to.pdf, id=418, 505.89pt x 505.89pt>
File: t1lb-eps-converted-to.pdf Graphic file (type pdf)

<use t1lb-eps-converted-to.pdf>
Package pdftex.def Info: t1lb-eps-converted-to.pdf used on input line 1475.
(pdftex.def)             Requested size: 172.25879pt x 172.26277pt.
Package epstopdf Info: Source file: <t1rb.eps>
(epstopdf)                    date: 2019-02-26 11:51:49
(epstopdf)                    size: 8948 bytes
(epstopdf)             Output file: <t1rb-eps-converted-to.pdf>
(epstopdf)                    date: 2019-02-26 11:51:59
(epstopdf)                    size: 12686 bytes
(epstopdf)             Command: <repstopdf --outfile=t1rb-eps-converted-to.pdf 
t1rb.eps>
(epstopdf)             \includegraphics on input line 1478.
Package epstopdf Info: Output file is already uptodate.


pdfTeX warning: pdflatex (file ./t1rb-eps-converted-to.pdf): PDF inclusion: fou
nd PDF version <1.7>, but at most version <1.5> allowed
<t1rb-eps-converted-to.pdf, id=419, 505.89pt x 505.89pt>
File: t1rb-eps-converted-to.pdf Graphic file (type pdf)

<use t1rb-eps-converted-to.pdf>
Package pdftex.def Info: t1rb-eps-converted-to.pdf used on input line 1478.
(pdftex.def)             Requested size: 172.25879pt x 172.26277pt.
Package epstopdf Info: Source file: <t3l.eps>
(epstopdf)                    date: 2019-02-26 11:51:49
(epstopdf)                    size: 12680 bytes
(epstopdf)             Output file: <t3l-eps-converted-to.pdf>
(epstopdf)                    date: 2019-02-26 11:51:59
(epstopdf)                    size: 13834 bytes
(epstopdf)             Command: <repstopdf --outfile=t3l-eps-converted-to.pdf t
3l.eps>
(epstopdf)             \includegraphics on input line 1486.
Package epstopdf Info: Output file is already uptodate.


pdfTeX warning: pdflatex (file ./t3l-eps-converted-to.pdf): PDF inclusion: foun
d PDF version <1.7>, but at most version <1.5> allowed
<t3l-eps-converted-to.pdf, id=420, 505.89pt x 505.89pt>
File: t3l-eps-converted-to.pdf Graphic file (type pdf)

<use t3l-eps-converted-to.pdf>
Package pdftex.def Info: t3l-eps-converted-to.pdf used on input line 1486.
(pdftex.def)             Requested size: 172.25879pt x 172.26277pt.
Package epstopdf Info: Source file: <t3r.eps>
(epstopdf)                    date: 2019-02-26 11:51:49
(epstopdf)                    size: 9021 bytes
(epstopdf)             Output file: <t3r-eps-converted-to.pdf>
(epstopdf)                    date: 2019-02-26 11:52:00
(epstopdf)                    size: 12609 bytes
(epstopdf)             Command: <repstopdf --outfile=t3r-eps-converted-to.pdf t
3r.eps>
(epstopdf)             \includegraphics on input line 1489.
Package epstopdf Info: Output file is already uptodate.


pdfTeX warning: pdflatex (file ./t3r-eps-converted-to.pdf): PDF inclusion: foun
d PDF version <1.7>, but at most version <1.5> allowed
<t3r-eps-converted-to.pdf, id=421, 505.89pt x 505.89pt>
File: t3r-eps-converted-to.pdf Graphic file (type pdf)

<use t3r-eps-converted-to.pdf>
Package pdftex.def Info: t3r-eps-converted-to.pdf used on input line 1489.
(pdftex.def)             Requested size: 172.25879pt x 172.26277pt.
Package epstopdf Info: Source file: <t3lb.eps>
(epstopdf)                    date: 2019-02-26 11:51:49
(epstopdf)                    size: 9034 bytes
(epstopdf)             Output file: <t3lb-eps-converted-to.pdf>
(epstopdf)                    date: 2019-02-26 11:52:00
(epstopdf)                    size: 12600 bytes
(epstopdf)             Command: <repstopdf --outfile=t3lb-eps-converted-to.pdf 
t3lb.eps>
(epstopdf)             \includegraphics on input line 1493.
Package epstopdf Info: Output file is already uptodate.


pdfTeX warning: pdflatex (file ./t3lb-eps-converted-to.pdf): PDF inclusion: fou
nd PDF version <1.7>, but at most version <1.5> allowed
<t3lb-eps-converted-to.pdf, id=422, 505.89pt x 505.89pt>
File: t3lb-eps-converted-to.pdf Graphic file (type pdf)

<use t3lb-eps-converted-to.pdf>
Package pdftex.def Info: t3lb-eps-converted-to.pdf used on input line 1493.
(pdftex.def)             Requested size: 172.25879pt x 172.26277pt.
Package epstopdf Info: Source file: <t3rb.eps>
(epstopdf)                    date: 2019-02-26 11:51:49
(epstopdf)                    size: 9033 bytes
(epstopdf)             Output file: <t3rb-eps-converted-to.pdf>
(epstopdf)                    date: 2019-02-26 11:52:01
(epstopdf)                    size: 12599 bytes
(epstopdf)             Command: <repstopdf --outfile=t3rb-eps-converted-to.pdf 
t3rb.eps>
(epstopdf)             \includegraphics on input line 1496.
Package epstopdf Info: Output file is already uptodate.


pdfTeX warning: pdflatex (file ./t3rb-eps-converted-to.pdf): PDF inclusion: fou
nd PDF version <1.7>, but at most version <1.5> allowed
<t3rb-eps-converted-to.pdf, id=423, 505.89pt x 505.89pt>
File: t3rb-eps-converted-to.pdf Graphic file (type pdf)

<use t3rb-eps-converted-to.pdf>
Package pdftex.def Info: t3rb-eps-converted-to.pdf used on input line 1496.
(pdftex.def)             Requested size: 172.25879pt x 172.26277pt.
Package epstopdf Info: Source file: <t2l.eps>
(epstopdf)                    date: 2019-02-26 11:51:49
(epstopdf)                    size: 12902 bytes
(epstopdf)             Output file: <t2l-eps-converted-to.pdf>
(epstopdf)                    date: 2019-02-26 11:52:01
(epstopdf)                    size: 13864 bytes
(epstopdf)             Command: <repstopdf --outfile=t2l-eps-converted-to.pdf t
2l.eps>
(epstopdf)             \includegraphics on input line 1504.
Package epstopdf Info: Output file is already uptodate.


pdfTeX warning: pdflatex (file ./t2l-eps-converted-to.pdf): PDF inclusion: foun
d PDF version <1.7>, but at most version <1.5> allowed
<t2l-eps-converted-to.pdf, id=424, 505.89pt x 505.89pt>
File: t2l-eps-converted-to.pdf Graphic file (type pdf)

<use t2l-eps-converted-to.pdf>
Package pdftex.def Info: t2l-eps-converted-to.pdf used on input line 1504.
(pdftex.def)             Requested size: 172.25879pt x 172.26277pt.
Package epstopdf Info: Source file: <t2r.eps>
(epstopdf)                    date: 2019-02-26 11:51:49
(epstopdf)                    size: 9271 bytes
(epstopdf)             Output file: <t2r-eps-converted-to.pdf>
(epstopdf)                    date: 2019-02-26 11:52:01
(epstopdf)                    size: 12844 bytes
(epstopdf)             Command: <repstopdf --outfile=t2r-eps-converted-to.pdf t
2r.eps>
(epstopdf)             \includegraphics on input line 1507.
Package epstopdf Info: Output file is already uptodate.


pdfTeX warning: pdflatex (file ./t2r-eps-converted-to.pdf): PDF inclusion: foun
d PDF version <1.7>, but at most version <1.5> allowed
<t2r-eps-converted-to.pdf, id=425, 505.89pt x 505.89pt>
File: t2r-eps-converted-to.pdf Graphic file (type pdf)

<use t2r-eps-converted-to.pdf>
Package pdftex.def Info: t2r-eps-converted-to.pdf used on input line 1507.
(pdftex.def)             Requested size: 172.25879pt x 172.26277pt.
Package epstopdf Info: Source file: <t2lb.eps>
(epstopdf)                    date: 2019-02-26 11:51:49
(epstopdf)                    size: 9240 bytes
(epstopdf)             Output file: <t2lb-eps-converted-to.pdf>
(epstopdf)                    date: 2019-02-26 11:52:02
(epstopdf)                    size: 12589 bytes
(epstopdf)             Command: <repstopdf --outfile=t2lb-eps-converted-to.pdf 
t2lb.eps>
(epstopdf)             \includegraphics on input line 1511.
Package epstopdf Info: Output file is already uptodate.


pdfTeX warning: pdflatex (file ./t2lb-eps-converted-to.pdf): PDF inclusion: fou
nd PDF version <1.7>, but at most version <1.5> allowed
<t2lb-eps-converted-to.pdf, id=426, 505.89pt x 505.89pt>
File: t2lb-eps-converted-to.pdf Graphic file (type pdf)

<use t2lb-eps-converted-to.pdf>
Package pdftex.def Info: t2lb-eps-converted-to.pdf used on input line 1511.
(pdftex.def)             Requested size: 172.25879pt x 172.26277pt.
Package epstopdf Info: Source file: <t2rb.eps>
(epstopdf)                    date: 2019-02-26 11:51:49
(epstopdf)                    size: 9254 bytes
(epstopdf)             Output file: <t2rb-eps-converted-to.pdf>
(epstopdf)                    date: 2019-02-26 11:52:02
(epstopdf)                    size: 12732 bytes
(epstopdf)             Command: <repstopdf --outfile=t2rb-eps-converted-to.pdf 
t2rb.eps>
(epstopdf)             \includegraphics on input line 1514.
Package epstopdf Info: Output file is already uptodate.


pdfTeX warning: pdflatex (file ./t2rb-eps-converted-to.pdf): PDF inclusion: fou
nd PDF version <1.7>, but at most version <1.5> allowed
<t2rb-eps-converted-to.pdf, id=427, 505.89pt x 505.89pt>
File: t2rb-eps-converted-to.pdf Graphic file (type pdf)

<use t2rb-eps-converted-to.pdf>
Package pdftex.def Info: t2rb-eps-converted-to.pdf used on input line 1514.
(pdftex.def)             Requested size: 172.25879pt x 172.26277pt.
Package epstopdf Info: Source file: <t4l.eps>
(epstopdf)                    date: 2019-02-26 11:51:49
(epstopdf)                    size: 12901 bytes
(epstopdf)             Output file: <t4l-eps-converted-to.pdf>
(epstopdf)                    date: 2019-02-26 11:52:02
(epstopdf)                    size: 13806 bytes
(epstopdf)             Command: <repstopdf --outfile=t4l-eps-converted-to.pdf t
4l.eps>
(epstopdf)             \includegraphics on input line 1522.
Package epstopdf Info: Output file is already uptodate.


pdfTeX warning: pdflatex (file ./t4l-eps-converted-to.pdf): PDF inclusion: foun
d PDF version <1.7>, but at most version <1.5> allowed
<t4l-eps-converted-to.pdf, id=428, 505.89pt x 505.89pt>
File: t4l-eps-converted-to.pdf Graphic file (type pdf)

<use t4l-eps-converted-to.pdf>
Package pdftex.def Info: t4l-eps-converted-to.pdf used on input line 1522.
(pdftex.def)             Requested size: 172.25879pt x 172.26277pt.
Package epstopdf Info: Source file: <t4r.eps>
(epstopdf)                    date: 2019-02-26 11:51:49
(epstopdf)                    size: 9267 bytes
(epstopdf)             Output file: <t4r-eps-converted-to.pdf>
(epstopdf)                    date: 2019-02-26 11:52:03
(epstopdf)                    size: 12786 bytes
(epstopdf)             Command: <repstopdf --outfile=t4r-eps-converted-to.pdf t
4r.eps>
(epstopdf)             \includegraphics on input line 1525.
Package epstopdf Info: Output file is already uptodate.


pdfTeX warning: pdflatex (file ./t4r-eps-converted-to.pdf): PDF inclusion: foun
d PDF version <1.7>, but at most version <1.5> allowed
<t4r-eps-converted-to.pdf, id=429, 505.89pt x 505.89pt>
File: t4r-eps-converted-to.pdf Graphic file (type pdf)

<use t4r-eps-converted-to.pdf>
Package pdftex.def Info: t4r-eps-converted-to.pdf used on input line 1525.
(pdftex.def)             Requested size: 172.25879pt x 172.26277pt.
Package epstopdf Info: Source file: <t4lb.eps>
(epstopdf)                    date: 2019-02-26 11:51:49
(epstopdf)                    size: 9236 bytes
(epstopdf)             Output file: <t4lb-eps-converted-to.pdf>
(epstopdf)                    date: 2019-02-26 11:52:03
(epstopdf)                    size: 12349 bytes
(epstopdf)             Command: <repstopdf --outfile=t4lb-eps-converted-to.pdf 
t4lb.eps>
(epstopdf)             \includegraphics on input line 1529.
Package epstopdf Info: Output file is already uptodate.


pdfTeX warning: pdflatex (file ./t4lb-eps-converted-to.pdf): PDF inclusion: fou
nd PDF version <1.7>, but at most version <1.5> allowed
<t4lb-eps-converted-to.pdf, id=430, 505.89pt x 505.89pt>
File: t4lb-eps-converted-to.pdf Graphic file (type pdf)

<use t4lb-eps-converted-to.pdf>
Package pdftex.def Info: t4lb-eps-converted-to.pdf used on input line 1529.
(pdftex.def)             Requested size: 172.25879pt x 172.26277pt.
Package epstopdf Info: Source file: <t4rb.eps>
(epstopdf)                    date: 2019-02-26 11:51:49
(epstopdf)                    size: 9262 bytes
(epstopdf)             Output file: <t4rb-eps-converted-to.pdf>
(epstopdf)                    date: 2019-02-26 11:52:03
(epstopdf)                    size: 12879 bytes
(epstopdf)             Command: <repstopdf --outfile=t4rb-eps-converted-to.pdf 
t4rb.eps>
(epstopdf)             \includegraphics on input line 1532.
Package epstopdf Info: Output file is already uptodate.


pdfTeX warning: pdflatex (file ./t4rb-eps-converted-to.pdf): PDF inclusion: fou
nd PDF version <1.7>, but at most version <1.5> allowed
<t4rb-eps-converted-to.pdf, id=431, 505.89pt x 505.89pt>
File: t4rb-eps-converted-to.pdf Graphic file (type pdf)

<use t4rb-eps-converted-to.pdf>
Package pdftex.def Info: t4rb-eps-converted-to.pdf used on input line 1532.
(pdftex.def)             Requested size: 172.25879pt x 172.26277pt.
Package epstopdf Info: Source file: <figure1.eps>
(epstopdf)                    date: 2019-02-25 22:15:01
(epstopdf)                    size: 12425 bytes
(epstopdf)             Output file: <figure1-eps-converted-to.pdf>
(epstopdf)                    date: 2019-02-26 11:31:14
(epstopdf)                    size: 15355 bytes
(epstopdf)             Command: <repstopdf --outfile=figure1-eps-converted-to.p
df figure1.eps>
(epstopdf)             \includegraphics on input line 1712.
Package epstopdf Info: Output file is already uptodate.


pdfTeX warning: pdflatex (file ./figure1-eps-converted-to.pdf): PDF inclusion: 
found PDF version <1.7>, but at most version <1.5> allowed
<figure1-eps-converted-to.pdf, id=432, 570.13pt x 347.2975pt>
File: figure1-eps-converted-to.pdf Graphic file (type pdf)

<use figure1-eps-converted-to.pdf>
Package pdftex.def Info: figure1-eps-converted-to.pdf used on input line 1712.
(pdftex.def)             Requested size: 375.14229pt x 228.51753pt.
 [29] [30pdfTeX warning (ext4): destination with the same identifier (name{figu
re.1}) has been already used, duplicate ignored

\AtBegShi@Output ...ipout \box \AtBeginShipoutBox 
                                                  \fi \fi 
l.1727 
        <./t1l-eps-converted-to.pdf> <./t1r-eps-converted-to.pdf> <./t1lb-eps-c
onverted-to.pdf> <./t1rb-eps-converted-to.pdf>] [31pdfTeX warning (ext4): desti
nation with the same identifier (name{figure.2}) has been already used, duplica
te ignored

\AtBegShi@Output ...ipout \box \AtBeginShipoutBox 
                                                  \fi \fi 
l.1727 
        <./t3l-eps-converted-to.pdf> <./t3r-eps-converted-to.pdf> <./t3lb-eps-c
onverted-to.pdf> <./t3rb-eps-converted-to.pdf>] [32pdfTeX warning (ext4): desti
nation with the same identifier (name{figure.3}) has been already used, duplica
te ignored

\AtBegShi@Output ...ipout \box \AtBeginShipoutBox 
                                                  \fi \fi 
l.1727 
        <./t2l-eps-converted-to.pdf> <./t2r-eps-converted-to.pdf> <./t2lb-eps-c
onverted-to.pdf> <./t2rb-eps-converted-to.pdf>] [33pdfTeX warning (ext4): desti
nation with the same identifier (name{figure.4}) has been already used, duplica
te ignored

\AtBegShi@Output ...ipout \box \AtBeginShipoutBox 
                                                  \fi \fi 
l.1727 
        <./t4l-eps-converted-to.pdf> <./t4r-eps-converted-to.pdf> <./t4lb-eps-c
onverted-to.pdf> <./t4rb-eps-converted-to.pdf>] [34pdfTeX warning (ext4): desti
nation with the same identifier (name{figure.5}) has been already used, duplica
te ignored

\AtBegShi@Output ...ipout \box \AtBeginShipoutBox 
                                                  \fi \fi 
l.1743 
        <./figure1-eps-converted-to.pdf>] [35] (./main.bbl [36]
Missing character: There is no â in font cmr9!
Missing character: There is no € in font cmr9!
Missing character: There is no “ in font cmr9!
 [37] [38]
[39])
Package atveryend Info: Empty hook `BeforeClearDocument' on input line 1838.
 [40]
Package atveryend Info: Empty hook `AfterLastShipout' on input line 1838.
 (./main.aux)
Package atveryend Info: Executing hook `AtVeryEndDocument' on input line 1838.
Package atveryend Info: Executing hook `AtEndAfterFileList' on input line 1838.

Package rerunfilecheck Info: File `main.out' has not changed.
(rerunfilecheck)             Checksum: 46272D39728507021216234332E5A6AA;358.
Package atveryend Info: Empty hook `AtVeryVeryEnd' on input line 1838.
 ) 
Here is how much of TeX's memory you used:
 8332 strings out of 493029
 120177 string characters out of 6136233
 218077 words of memory out of 5000000
 11551 multiletter control sequences out of 15000+600000
 16984 words of font info for 62 fonts, out of 8000000 for 9000
 1141 hyphenation exceptions out of 8191
 34i,19n,45p,417b,512s stack positions out of 5000i,500n,10000p,200000b,80000s
</usr/share/texlive/texmf-dist/fonts/type1/public/amsfonts/cm/cmbx12.pfb></us
r/share/texlive/texmf-dist/fonts/type1/public/amsfonts/cm/cmbx8.pfb></usr/share
/texlive/texmf-dist/fonts/type1/public/amsfonts/cm/cmex10.pfb></usr/share/texli
ve/texmf-dist/fonts/type1/public/amsfonts/cmextra/cmex8.pfb></usr/share/texlive
/texmf-dist/fonts/type1/public/amsfonts/cm/cmmi12.pfb></usr/share/texlive/texmf
-dist/fonts/type1/public/amsfonts/cm/cmmi6.pfb></usr/share/texlive/texmf-dist/f
onts/type1/public/amsfonts/cm/cmmi8.pfb></usr/share/texlive/texmf-dist/fonts/ty
pe1/public/amsfonts/cm/cmmi9.pfb></usr/share/texlive/texmf-dist/fonts/type1/pub
lic/amsfonts/cm/cmmib10.pfb></usr/share/texlive/texmf-dist/fonts/type1/public/a
msfonts/cm/cmr10.pfb></usr/share/texlive/texmf-dist/fonts/type1/public/amsfonts
/cm/cmr12.pfb></usr/share/texlive/texmf-dist/fonts/type1/public/amsfonts/cm/cmr
6.pfb></usr/share/texlive/texmf-dist/fonts/type1/public/amsfonts/cm/cmr8.pfb></
usr/share/texlive/texmf-dist/fonts/type1/public/amsfonts/cm/cmr9.pfb></usr/shar
e/texlive/texmf-dist/fonts/type1/public/amsfonts/cm/cmsy10.pfb></usr/share/texl
ive/texmf-dist/fonts/type1/public/amsfonts/cm/cmsy6.pfb></usr/share/texlive/tex
mf-dist/fonts/type1/public/amsfonts/cm/cmsy8.pfb></usr/share/texlive/texmf-dist
/fonts/type1/public/amsfonts/cm/cmti12.pfb></usr/share/texlive/texmf-dist/fonts
/type1/public/amsfonts/cm/cmti9.pfb></usr/share/texlive/texmf-dist/fonts/type1/
public/amsfonts/symbols/msbm10.pfb>
Output written on main.pdf (40 pages, 498009 bytes).
PDF statistics:
 727 PDF objects out of 1000 (max. 8388607)
 606 compressed objects within 7 object streams
 132 named destinations out of 1000 (max. 500000)
 134 words of extra memory for PDF output out of 10000 (max. 10000000)

