This is pdfTeX, Version 3.14159265-2.6-1.40.16 (TeX Live 2015/Debian) (preloaded format=pdflatex 2018.10.15)  1 DEC 2019 11:54
entering extended mode
 restricted \write18 enabled.
 %&-line parsing enabled.
**supp
(./supp.tex
LaTeX2e <2016/02/01>
Babel <3.9q> and hyphenation patterns for 81 language(s) loaded.
(/usr/share/texlive/texmf-dist/tex/latex/base/book.cls
Document Class: book 2014/09/29 v1.4h Standard LaTeX document class
(/usr/share/texlive/texmf-dist/tex/latex/base/bk10.clo
File: bk10.clo 2014/09/29 v1.4h Standard LaTeX file (size option)
)
\c@part=\count79
\c@chapter=\count80
\c@section=\count81
\c@subsection=\count82
\c@subsubsection=\count83
\c@paragraph=\count84
\c@subparagraph=\count85
\c@figure=\count86
\c@table=\count87
\abovecaptionskip=\skip41
\belowcaptionskip=\skip42
\bibindent=\dimen102
)
(/usr/share/texlive/texmf-dist/tex/latex/natbib/natbib.sty
Package: natbib 2010/09/13 8.31b (PWD, AO)
\bibhang=\skip43
\bibsep=\skip44
LaTeX Info: Redefining \cite on input line 694.
\c@NAT@ctr=\count88
)
(/usr/share/texlive/texmf-dist/tex/latex/tools/array.sty
Package: array 2014/10/28 v2.4c Tabular extension package (FMi)
\col@sep=\dimen103
\extrarowheight=\dimen104
\NC@list=\toks14
\extratabsurround=\skip45
\backup@length=\skip46
)
(/usr/share/texlive/texmf-dist/tex/latex/graphics/epsfig.sty
Package: epsfig 1999/02/16 v1.7a (e)psfig emulation (SPQR)

(/usr/share/texlive/texmf-dist/tex/latex/graphics/graphicx.sty
Package: graphicx 2014/10/28 v1.0g Enhanced LaTeX Graphics (DPC,SPQR)

(/usr/share/texlive/texmf-dist/tex/latex/graphics/keyval.sty
Package: keyval 2014/10/28 v1.15 key=value parser (DPC)
\KV@toks@=\toks15
)
(/usr/share/texlive/texmf-dist/tex/latex/graphics/graphics.sty
Package: graphics 2016/01/03 v1.0q Standard LaTeX Graphics (DPC,SPQR)

(/usr/share/texlive/texmf-dist/tex/latex/graphics/trig.sty
Package: trig 2016/01/03 v1.10 sin cos tan (DPC)
)
(/usr/share/texlive/texmf-dist/tex/latex/latexconfig/graphics.cfg
File: graphics.cfg 2010/04/23 v1.9 graphics configuration of TeX Live
)
Package graphics Info: Driver file: pdftex.def on input line 95.

(/usr/share/texlive/texmf-dist/tex/latex/pdftex-def/pdftex.def
File: pdftex.def 2011/05/27 v0.06d Graphics/color for pdfTeX

(/usr/share/texlive/texmf-dist/tex/generic/oberdiek/infwarerr.sty
Package: infwarerr 2010/04/08 v1.3 Providing info/warning/error messages (HO)
)
(/usr/share/texlive/texmf-dist/tex/generic/oberdiek/ltxcmds.sty
Package: ltxcmds 2011/11/09 v1.22 LaTeX kernel commands for general use (HO)
)
\Gread@gobject=\count89
))
\Gin@req@height=\dimen105
\Gin@req@width=\dimen106
)
\epsfxsize=\dimen107
\epsfysize=\dimen108
)
(/usr/share/texlive/texmf-dist/tex/latex/fancyhdr/fancyheadings.sty
Package: fancyheadings 2008/02/04 1.99 Dummy package to call fancyhdr


Package fancyheadings Warning: Please stop using fancyheadings!
(fancyheadings)                Use fancyhdr instead.
(fancyheadings)                We will call fancyhdr with the very same
(fancyheadings)                options you passed to fancyheadings.
(fancyheadings)                
(fancyheadings)                fancyhdr is 99 percent compatible with
(fancyheadings)                fancyheadings. The only incompatibility is
(fancyheadings)                that \headrulewidth and \footrulewidth and
(fancyheadings)                their \plain... versions are no longer length
(fancyheadings)                parameters, but normal macros (to be changed
(fancyheadings)                with \renewcommand rather than \setlength)..

(/usr/share/texlive/texmf-dist/tex/latex/fancyhdr/fancyhdr.sty
\fancy@headwidth=\skip47
\f@ncyO@elh=\skip48
\f@ncyO@erh=\skip49
\f@ncyO@olh=\skip50
\f@ncyO@orh=\skip51
\f@ncyO@elf=\skip52
\f@ncyO@erf=\skip53
\f@ncyO@olf=\skip54
\f@ncyO@orf=\skip55
))
(/usr/share/texlive/texmf-dist/tex/latex/rotating/rotating.sty
Package: rotating 2009/03/28 v2.16a rotated objects in LaTeX

(/usr/share/texlive/texmf-dist/tex/latex/base/ifthen.sty
Package: ifthen 2014/09/29 v1.1c Standard LaTeX ifthen package (DPC)
)
\c@r@tfl@t=\count90
\rotFPtop=\skip56
\rotFPbot=\skip57
\rot@float@box=\box26
\rot@mess@toks=\toks16
)
(/usr/share/texlive/texmf-dist/tex/latex/hyperref/hyperref.sty
Package: hyperref 2012/11/06 v6.83m Hypertext links for LaTeX

(/usr/share/texlive/texmf-dist/tex/generic/oberdiek/hobsub-hyperref.sty
Package: hobsub-hyperref 2012/05/28 v1.13 Bundle oberdiek, subset hyperref (HO)


(/usr/share/texlive/texmf-dist/tex/generic/oberdiek/hobsub-generic.sty
Package: hobsub-generic 2012/05/28 v1.13 Bundle oberdiek, subset generic (HO)
Package: hobsub 2012/05/28 v1.13 Construct package bundles (HO)
Package hobsub Info: Skipping package `infwarerr' (already loaded).
Package hobsub Info: Skipping package `ltxcmds' (already loaded).
Package: ifluatex 2010/03/01 v1.3 Provides the ifluatex switch (HO)
Package ifluatex Info: LuaTeX not detected.
Package: ifvtex 2010/03/01 v1.5 Detect VTeX and its facilities (HO)
Package ifvtex Info: VTeX not detected.
Package: intcalc 2007/09/27 v1.1 Expandable calculations with integers (HO)
Package: ifpdf 2011/01/30 v2.3 Provides the ifpdf switch (HO)
Package ifpdf Info: pdfTeX in PDF mode is detected.
Package: etexcmds 2011/02/16 v1.5 Avoid name clashes with e-TeX commands (HO)
Package etexcmds Info: Could not find \expanded.
(etexcmds)             That can mean that you are not using pdfTeX 1.50 or
(etexcmds)             that some package has redefined \expanded.
(etexcmds)             In the latter case, load this package earlier.
Package: kvsetkeys 2012/04/25 v1.16 Key value parser (HO)
Package: kvdefinekeys 2011/04/07 v1.3 Define keys (HO)
Package: pdftexcmds 2011/11/29 v0.20 Utility functions of pdfTeX for LuaTeX (HO
)
Package pdftexcmds Info: LuaTeX not detected.
Package pdftexcmds Info: \pdf@primitive is available.
Package pdftexcmds Info: \pdf@ifprimitive is available.
Package pdftexcmds Info: \pdfdraftmode found.
Package: pdfescape 2011/11/25 v1.13 Implements pdfTeX's escape features (HO)
Package: bigintcalc 2012/04/08 v1.3 Expandable calculations on big integers (HO
)
Package: bitset 2011/01/30 v1.1 Handle bit-vector datatype (HO)
Package: uniquecounter 2011/01/30 v1.2 Provide unlimited unique counter (HO)
)
Package hobsub Info: Skipping package `hobsub' (already loaded).
Package: letltxmacro 2010/09/02 v1.4 Let assignment for LaTeX macros (HO)
Package: hopatch 2012/05/28 v1.2 Wrapper for package hooks (HO)
Package: xcolor-patch 2011/01/30 xcolor patch
Package: atveryend 2011/06/30 v1.8 Hooks at the very end of document (HO)
Package atveryend Info: \enddocument detected (standard20110627).
Package: atbegshi 2011/10/05 v1.16 At begin shipout hook (HO)
Package: refcount 2011/10/16 v3.4 Data extraction from label references (HO)
Package: hycolor 2011/01/30 v1.7 Color options for hyperref/bookmark (HO)
)
(/usr/share/texlive/texmf-dist/tex/generic/ifxetex/ifxetex.sty
Package: ifxetex 2010/09/12 v0.6 Provides ifxetex conditional
)
(/usr/share/texlive/texmf-dist/tex/latex/oberdiek/auxhook.sty
Package: auxhook 2011/03/04 v1.3 Hooks for auxiliary files (HO)
)
(/usr/share/texlive/texmf-dist/tex/latex/oberdiek/kvoptions.sty
Package: kvoptions 2011/06/30 v3.11 Key value format for package options (HO)
)
\@linkdim=\dimen109
\Hy@linkcounter=\count91
\Hy@pagecounter=\count92

(/usr/share/texlive/texmf-dist/tex/latex/hyperref/pd1enc.def
File: pd1enc.def 2012/11/06 v6.83m Hyperref: PDFDocEncoding definition (HO)
)
\Hy@SavedSpaceFactor=\count93

(/usr/share/texlive/texmf-dist/tex/latex/latexconfig/hyperref.cfg
File: hyperref.cfg 2002/06/06 v1.2 hyperref configuration of TeXLive
)
Package hyperref Info: Hyper figures OFF on input line 4443.
Package hyperref Info: Link nesting OFF on input line 4448.
Package hyperref Info: Hyper index ON on input line 4451.
Package hyperref Info: Plain pages OFF on input line 4458.
Package hyperref Info: Backreferencing OFF on input line 4463.
Package hyperref Info: Implicit mode ON; LaTeX internals redefined.
Package hyperref Info: Bookmarks ON on input line 4688.
\c@Hy@tempcnt=\count94

(/usr/share/texlive/texmf-dist/tex/latex/url/url.sty
\Urlmuskip=\muskip10
Package: url 2013/09/16  ver 3.4  Verb mode for urls, etc.
)
LaTeX Info: Redefining \url on input line 5041.
\XeTeXLinkMargin=\dimen110
\Fld@menulength=\count95
\Field@Width=\dimen111
\Fld@charsize=\dimen112
Package hyperref Info: Hyper figures OFF on input line 6295.
Package hyperref Info: Link nesting OFF on input line 6300.
Package hyperref Info: Hyper index ON on input line 6303.
Package hyperref Info: backreferencing OFF on input line 6310.
Package hyperref Info: Link coloring OFF on input line 6315.
Package hyperref Info: Link coloring with OCG OFF on input line 6320.
Package hyperref Info: PDF/A mode OFF on input line 6325.
LaTeX Info: Redefining \ref on input line 6365.
LaTeX Info: Redefining \pageref on input line 6369.
\Hy@abspage=\count96
\c@Item=\count97
\c@Hfootnote=\count98
)

Package hyperref Message: Driver (autodetected): hpdftex.

(/usr/share/texlive/texmf-dist/tex/latex/hyperref/hpdftex.def
File: hpdftex.def 2012/11/06 v6.83m Hyperref driver for pdfTeX
\Fld@listcount=\count99
\c@bookmark@seq@number=\count100

(/usr/share/texlive/texmf-dist/tex/latex/oberdiek/rerunfilecheck.sty
Package: rerunfilecheck 2011/04/15 v1.7 Rerun checks for auxiliary files (HO)
Package uniquecounter Info: New unique counter `rerunfilecheck' on input line 2
82.
)
\Hy@SectionHShift=\skip58
)
(/usr/share/texlive/texmf-dist/tex/latex/amsmath/amsmath.sty
Package: amsmath 2016/03/03 v2.15a AMS math features
\@mathmargin=\skip59

For additional information on amsmath, use the `?' option.
(/usr/share/texlive/texmf-dist/tex/latex/amsmath/amstext.sty
Package: amstext 2000/06/29 v2.01 AMS text

(/usr/share/texlive/texmf-dist/tex/latex/amsmath/amsgen.sty
File: amsgen.sty 1999/11/30 v2.0 generic functions
\@emptytoks=\toks17
\ex@=\dimen113
))
(/usr/share/texlive/texmf-dist/tex/latex/amsmath/amsbsy.sty
Package: amsbsy 1999/11/29 v1.2d Bold Symbols
\pmbraise@=\dimen114
)
(/usr/share/texlive/texmf-dist/tex/latex/amsmath/amsopn.sty
Package: amsopn 1999/12/14 v2.01 operator names
)
\inf@bad=\count101
LaTeX Info: Redefining \frac on input line 199.
\uproot@=\count102
\leftroot@=\count103
LaTeX Info: Redefining \overline on input line 297.
\classnum@=\count104
\DOTSCASE@=\count105
LaTeX Info: Redefining \ldots on input line 394.
LaTeX Info: Redefining \dots on input line 397.
LaTeX Info: Redefining \cdots on input line 518.
\Mathstrutbox@=\box27
\strutbox@=\box28
\big@size=\dimen115
LaTeX Font Info:    Redeclaring font encoding OML on input line 630.
LaTeX Font Info:    Redeclaring font encoding OMS on input line 631.
\macc@depth=\count106
\c@MaxMatrixCols=\count107
\dotsspace@=\muskip11
\c@parentequation=\count108
\dspbrk@lvl=\count109
\tag@help=\toks18
\row@=\count110
\column@=\count111
\maxfields@=\count112
\andhelp@=\toks19
\eqnshift@=\dimen116
\alignsep@=\dimen117
\tagshift@=\dimen118
\tagwidth@=\dimen119
\totwidth@=\dimen120
\lineht@=\dimen121
\@envbody=\toks20
\multlinegap=\skip60
\multlinetaggap=\skip61
\mathdisplay@stack=\toks21
LaTeX Info: Redefining \[ on input line 2735.
LaTeX Info: Redefining \] on input line 2736.
)
(/usr/share/texlive/texmf-dist/tex/latex/amsfonts/amssymb.sty
Package: amssymb 2013/01/14 v3.01 AMS font symbols

(/usr/share/texlive/texmf-dist/tex/latex/amsfonts/amsfonts.sty
Package: amsfonts 2013/01/14 v3.01 Basic AMSFonts support
\symAMSa=\mathgroup4
\symAMSb=\mathgroup5
LaTeX Font Info:    Overwriting math alphabet `\mathfrak' in version `bold'
(Font)                  U/euf/m/n --> U/euf/b/n on input line 106.
))
(/usr/share/texlive/texmf-dist/tex/latex/amscls/amsthm.sty
Package: amsthm 2015/03/04 v2.20.2
\thm@style=\toks22
\thm@bodyfont=\toks23
\thm@headfont=\toks24
\thm@notefont=\toks25
\thm@headpunct=\toks26
\thm@preskip=\skip62
\thm@postskip=\skip63
\thm@headsep=\skip64
\dth@everypar=\toks27
)
\c@theorem=\count113
\c@lemma=\count114
\c@corollary=\count115
\c@proposition=\count116
\c@definition=\count117
\c@example=\count118
\c@remark=\count119

(/usr/share/texlive/texmf-dist/tex/latex/tools/bm.sty
Package: bm 2014/10/28 v1.1c Bold Symbol Support (DPC/FMi)
\symboldoperators=\mathgroup6
\symboldletters=\mathgroup7
\symboldsymbols=\mathgroup8
LaTeX Font Info:    Redeclaring math alphabet \mathbf on input line 141.
LaTeX Info: Redefining \bm on input line 207.
)
(/usr/share/texlive/texmf-dist/tex/latex/graphics/color.sty
Package: color 2016/01/03 v1.1b Standard LaTeX Color (DPC)

(/usr/share/texlive/texmf-dist/tex/latex/latexconfig/color.cfg
File: color.cfg 2007/01/18 v1.5 color configuration of teTeX/TeXLive
)
Package color Info: Driver file: pdftex.def on input line 143.
)
(/usr/share/texlive/texmf-dist/tex/latex/algorithms/algorithm.sty
Package: algorithm 2009/08/24 v0.1 Document Style `algorithm' - floating enviro
nment

(/usr/share/texlive/texmf-dist/tex/latex/float/float.sty
Package: float 2001/11/08 v1.3d Float enhancements (AL)
\c@float@type=\count120
\float@exts=\toks28
\float@box=\box29
\@float@everytoks=\toks29
\@floatcapt=\box30
)
\@float@every@algorithm=\toks30
\c@algorithm=\count121
)
(/usr/share/texlive/texmf-dist/tex/latex/algorithms/algorithmic.sty
Package: algorithmic 2009/08/24 v0.1 Document Style `algorithmic'
\c@ALC@unique=\count122
\c@ALC@line=\count123
\c@ALC@rem=\count124
\c@ALC@depth=\count125
\ALC@tlm=\skip65
\algorithmicindent=\skip66
)
(/usr/share/texlive/texmf-dist/tex/latex/IEEEtran/IEEEtrantools.sty
Package: IEEEtrantools 2015/08/26 V1.5 by Michael Shell

-- See the "IEEEtrantools_doc.txt" manual for usage information.
-- http://www.michaelshell.org/tex/ieeetran/tools/
\@IEEEtrantmpdimenA=\dimen122
\@IEEEtrantmpdimenB=\dimen123
\@IEEEtrantmpdimenC=\dimen124
\@IEEEtrantmpcountA=\count126
\@IEEEtrantmpcountB=\count127
\@IEEEtrantmpcountC=\count128
\@IEEEtrantmptoksA=\toks31
\IEEEnormaljot=\dimen125
\IEEEquantizedlength=\dimen126
\IEEEquantizedlengthdiff=\dimen127
\IEEEquantizedtextheightdiff=\dimen128
\IEEEilabelindentA=\dimen129
\IEEEilabelindentB=\dimen130
\IEEEilabelindent=\dimen131
\IEEEelabelindent=\dimen132
\IEEEdlabelindent=\dimen133
\IEEElabelindent=\dimen134
\IEEEiednormlabelsep=\dimen135
\IEEEiedmathlabelsep=\dimen136
\IEEEiedtopsep=\skip67
\c@IEEEsubequation=\count129
\@IEEEeqnnumcols=\count130
\@IEEEeqncolcnt=\count131
\@IEEEsubeqnnumrollback=\count132
\IEEEPARstartletwidth=\dimen137
) (/usr/share/texlive/texmf-dist/tex/latex/tools/enumerate.sty
Package: enumerate 2015/07/23 v3.00 enumerate extensions (DPC)
\@enLab=\toks32
)
(/usr/share/texlive/texmf-dist/tex/latex/tools/xr.sty
Package: xr 1994/05/28 v5.02 eXternal References (DPC)
)
Package xr Info: IMPORTING LABELS FROM main.aux on input line 58.
 (./supp.aux)
\openout1 = `supp.aux'.

LaTeX Font Info:    Checking defaults for OML/cmm/m/it on input line 110.
LaTeX Font Info:    ... okay on input line 110.
LaTeX Font Info:    Checking defaults for T1/cmr/m/n on input line 110.
LaTeX Font Info:    ... okay on input line 110.
LaTeX Font Info:    Checking defaults for OT1/cmr/m/n on input line 110.
LaTeX Font Info:    ... okay on input line 110.
LaTeX Font Info:    Checking defaults for OMS/cmsy/m/n on input line 110.
LaTeX Font Info:    ... okay on input line 110.
LaTeX Font Info:    Checking defaults for OMX/cmex/m/n on input line 110.
LaTeX Font Info:    ... okay on input line 110.
LaTeX Font Info:    Checking defaults for U/cmr/m/n on input line 110.
LaTeX Font Info:    ... okay on input line 110.
LaTeX Font Info:    Checking defaults for PD1/pdf/m/n on input line 110.
LaTeX Font Info:    ... okay on input line 110.

(/usr/share/texlive/texmf-dist/tex/context/base/supp-pdf.mkii
[Loading MPS to PDF converter (version 2006.09.02).]
\scratchcounter=\count133
\scratchdimen=\dimen138
\scratchbox=\box31
\nofMPsegments=\count134
\nofMParguments=\count135
\everyMPshowfont=\toks33
\MPscratchCnt=\count136
\MPscratchDim=\dimen139
\MPnumerator=\count137
\makeMPintoPDFobject=\count138
\everyMPtoPDFconversion=\toks34
) (/usr/share/texlive/texmf-dist/tex/latex/oberdiek/epstopdf-base.sty
Package: epstopdf-base 2010/02/09 v2.5 Base part for package epstopdf

(/usr/share/texlive/texmf-dist/tex/latex/oberdiek/grfext.sty
Package: grfext 2010/08/19 v1.1 Manage graphics extensions (HO)
)
Package grfext Info: Graphics extension search list:
(grfext)             [.png,.pdf,.jpg,.mps,.jpeg,.jbig2,.jb2,.PNG,.PDF,.JPG,.JPE
G,.JBIG2,.JB2,.eps]
(grfext)             \AppendGraphicsExtensions on input line 452.

(/usr/share/texlive/texmf-dist/tex/latex/latexconfig/epstopdf-sys.cfg
File: epstopdf-sys.cfg 2010/07/13 v1.3 Configuration of (r)epstopdf for TeX Liv
e
))
\AtBeginShipoutBox=\box32
Package hyperref Info: Link coloring OFF on input line 110.

(/usr/share/texlive/texmf-dist/tex/latex/hyperref/nameref.sty
Package: nameref 2012/10/27 v2.43 Cross-referencing by name of section

(/usr/share/texlive/texmf-dist/tex/generic/oberdiek/gettitlestring.sty
Package: gettitlestring 2010/12/03 v1.4 Cleanup title references (HO)
)
\c@section@level=\count139
)
LaTeX Info: Redefining \ref on input line 110.
LaTeX Info: Redefining \pageref on input line 110.
LaTeX Info: Redefining \nameref on input line 110.

(./supp.out) (./supp.out)
\@outlinefile=\write3
\openout3 = `supp.out'.

LaTeX Font Info:    Try loading font information for U+msa on input line 124.

(/usr/share/texlive/texmf-dist/tex/latex/amsfonts/umsa.fd
File: umsa.fd 2013/01/14 v3.01 AMS symbols A
)
LaTeX Font Info:    Try loading font information for U+msb on input line 124.

(/usr/share/texlive/texmf-dist/tex/latex/amsfonts/umsb.fd
File: umsb.fd 2013/01/14 v3.01 AMS symbols B
)

Package Fancyhdr Warning: \headheight is too small (12.0pt): 
 Make it at least 28.90558pt.
 We now make it that large for the rest of the document.
 This may cause the page layout to be inconsistent, however.

[1{/var/lib/texmf/fonts/map/pdftex/updmap/pdftex.map}

] [2] [3] [4]
Overfull \hbox (0.74078pt too wide) in paragraph at lines 329--331
[]\OT1/cmr/m/n/12 We only need to deal with the ma-trix $\OML/cmm/m/it/12 n[]\O
T1/cmr/bx/n/12 Z[]^^CZ$
 []

[5]
Overfull \hbox (23.86272pt too wide) in paragraph at lines 362--364
\OT1/cmr/m/n/12 Using Weyl's in-equal-ity, we can de-rive the fol-low-ing lower
 bound for $\OML/cmm/m/it/12 ^^U[]\OT1/cmr/m/n/12 (\OT1/cmr/bx/n/12 Z[]^^C[]Z[]
\OT1/cmr/m/n/12 )$,
 []


Underfull \vbox (badness 2269) has occurred while \output is active []

 [6]
Underfull \vbox (badness 1874) has occurred while \output is active []

 [7]
Overfull \hbox (3.8206pt too wide) in paragraph at lines 547--556
[]\OT1/cmr/m/n/12 The first two state-ments are di-rect con-se-quences
 []

[8]
Underfull \vbox (badness 10000) has occurred while \output is active []

 [9]
Overfull \hbox (1.16689pt too wide) detected at line 650
[]\OT1/cmr/m/n/12 (\OML/cmm/m/it/12 Z[]\OT1/cmr/bx/n/12 ^^C[]\OML/cmm/m/it/12 Z
[] \OMS/cmsy/m/n/12 ^^@ []\OT1/cmr/m/n/12 )[] \OMS/cmsy/m/n/12 ^^T \OT1/cmr/m/n
/12 2 [](\OML/cmm/m/it/12 Z[]\OT1/cmr/bx/n/12 ^^C[]\OML/cmm/m/it/12 Z[] \OMS/cm
sy/m/n/12 ^^@ []\OT1/cmr/m/n/12 (\OT1/cmr/bx/n/12 ^^C[]\OT1/cmr/m/n/12 ))[] + 2
\OML/cmm/m/it/12 n\OT1/cmr/m/n/12 ([] \OMS/cmsy/m/n/12 ^^@ []\OT1/cmr/m/n/12 (\
OT1/cmr/bx/n/12 ^^C[]\OT1/cmr/m/n/12 ))[]\OML/cmm/m/it/12 :
 []

[10]
Overfull \hbox (34.81354pt too wide) in paragraph at lines 659--663
\OT1/cmr/m/n/12 For the sec-ond term, it is straight-for-ward to show that $[] 
2 [][](\OML/cmm/m/it/12 Z[]\OT1/cmr/bx/n/12 ^^C[]\OML/cmm/m/it/12 Z[]\OT1/cmr/m
/n/12 )[] =
 []


Overfull \hbox (2.2006pt too wide) detected at line 694
[]\OT1/cmr/m/n/12 (\OT1/cmr/bx/n/12 Z[]^^C[]Z[] \OMS/cmsy/m/n/12 ^^@ []\OT1/cmr
/bx/n/12 I[]\OT1/cmr/m/n/12 )[] = \OML/cmm/m/it/12 n[] []\OT1/cmr/m/n/12 (\OT1/
cmr/bx/n/12 ^^C[]\OT1/cmr/m/n/12 ) + \OML/cmm/m/it/12 O[] [] :
 []

[11]
Underfull \vbox (badness 10000) has occurred while \output is active []

 [12]
Underfull \vbox (badness 10000) has occurred while \output is active []

 [13]
[14]
Overfull \hbox (14.4791pt too wide) in paragraph at lines 1047--1050
\OT1/cmr/m/n/12 where the sec-ond last equal-ity fol-lows from the fact $\OMS/c
msy/m/n/12 k\OT1/cmr/m/n/12 (\OT1/cmr/bx/n/12 Z[]Z[]\OT1/cmr/m/n/12 )[]\OMS/cms
y/m/n/12 k \OT1/cmr/m/n/12 = \OML/cmm/m/it/12 ^^U[]\OT1/cmr/m/n/12 (\OT1/cmr/bx
/n/12 Z[]Z[]\OT1/cmr/m/n/12 )[]$,
 []

[15]
Overfull \hbox (6.1487pt too wide) in paragraph at lines 1115--1118
[]\OT1/cmr/m/n/12 Note that $\OT1/cmr/bx/n/12 U[]$ \OT1/cmr/m/n/12 is in fact t
he lead-ing $\OML/cmm/m/it/12 n \OMS/cmsy/m/n/12 ^^@ \OML/cmm/m/it/12 r$ \OT1/c
mr/m/n/12 eigen-vec-tors of $(\OT1/cmr/bx/n/12 I[] \OMS/cmsy/m/n/12 ^^@ \OT1/cm
r/bx/n/12 P[]\OT1/cmr/m/n/12 )[](\OT1/cmr/bx/n/12 I[] \OMS/cmsy/m/n/12 ^^@
 []


Underfull \vbox (badness 3019) has occurred while \output is active []

 [16]
[17] [18]
Overfull \hbox (3.49022pt too wide) in paragraph at lines 1335--1339
\OT1/cmr/m/n/12 The ma-trix $\OML/cmm/m/it/12 n[]\OT1/cmr/bx/n/12 U[]^^C[]Z[][]
[]Z[]^^C[]U[]$ \OT1/cmr/m/n/12 shares the same non-zero eigen-
 []


Underfull \vbox (badness 10000) has occurred while \output is active []

 [19]
Underfull \vbox (badness 1137) has occurred while \output is active []

 [20]
Overfull \hbox (14.24326pt too wide) detected at line 1483
[] []
 []

[21] [22]
Underfull \vbox (badness 7869) has occurred while \output is active []

 [23]
[24]
Overfull \hbox (44.52704pt too wide) in paragraph at lines 1829--1838
\OT1/cmr/m/n/12 Note that the columns of $\OT1/cmr/bx/n/12 C[]^^B[]Y \OT1/cmr/m
/n/12 = \OT1/cmr/bx/n/12 C[]^^B[]U^^C[]Z$ \OT1/cmr/m/n/12 are iid $\OMS/cmsy/m/
n/12 N[]\OT1/cmr/m/n/12 (\OT1/cmr/bx/n/12 0[]\OML/cmm/m/it/12 ; \OT1/cmr/bx/n/1
2 C[]^^B[]^^F^^BC\OT1/cmr/m/n/12 )$
 []

[25]
Underfull \vbox (badness 10000) has occurred while \output is active []

 [26]
Underfull \vbox (badness 3417) has occurred while \output is active []

 [27]
Overfull \hbox (2.93091pt too wide) in paragraph at lines 2040--2051
\OT1/cmr/m/n/12 It can be seen that $\OML/cmm/m/it/12 n[] [][]\OT1/cmr/m/n/12 (
\OML/cmm/m/it/12 Z[]\OT1/cmr/bx/n/12 ^^C\OML/cmm/m/it/12 Z[] \OMS/cmsy/m/n/12 ^
^@ \OML/cmm/m/it/12 n[] [][] Z[]\OT1/cmr/bx/n/12 ^^C\OML/cmm/m/it/12 Z[]\OT1/cm
r/m/n/12 )[] = \OML/cmm/m/it/12 O[]\OT1/cmr/m/n/12 (\OML/cmm/m/it/12 n[] []\OT1
/cmr/m/n/12 (\OT1/cmr/bx/n/12 ^^F[]\OT1/cmr/m/n/12 ))$.
 []

[28]
Overfull \hbox (19.9043pt too wide) in paragraph at lines 2141--2149
\OT1/cmr/m/n/12 We first deal with $(\OT1/cmr/bx/n/12 I[] \OMS/cmsy/m/n/12 ^^@ 
\OT1/cmr/bx/n/12 P[]\OT1/cmr/m/n/12 )\OT1/cmr/bx/n/12 ^^F\OT1/cmr/m/n/12 (\OT1/
cmr/bx/n/12 I[] \OMS/cmsy/m/n/12 ^^@ \OT1/cmr/bx/n/12 P[]\OT1/cmr/m/n/12 )$. Un
-der the con-di-tion $\OML/cmm/m/it/12 n\OML/cmm/b/it/12 ^^U[]\OML/cmm/m/it/12 
= []\OT1/cmr/m/n/12 (\OT1/cmr/bx/n/12 ^^C[]\OT1/cmr/m/n/12 ) \OMS/cmsy/m/n/12 !

 []

[29]
Overfull \hbox (49.47641pt too wide) in paragraph at lines 2261--2264
\OT1/cmr/m/n/12 where the last equal-ity fol-lows from [], [] and the con-di-ti
on $\OML/cmm/m/it/12 n\OML/cmm/b/it/12 ^^U[]\OML/cmm/m/it/12 = []\OT1/cmr/m/n/1
2 (\OT1/cmr/bx/n/12 ^^C[]\OT1/cmr/m/n/12 ) \OMS/cmsy/m/n/12 !
 []


Overfull \hbox (4.07588pt too wide) in paragraph at lines 2296--2296
[] 
 []

[30]
Underfull \vbox (badness 10000) has occurred while \output is active []

 [31]
Underfull \vbox (badness 3646) has occurred while \output is active []

 [32]
[33] [34]
Underfull \vbox (badness 10000) has occurred while \output is active []

 [35]
[36]
Underfull \vbox (badness 6220) has occurred while \output is active []

 [37]
Underfull \vbox (badness 10000) has occurred while \output is active []

 [38]
[39] [40]
Overfull \hbox (16.54753pt too wide) in paragraph at lines 3122--3126
[]\OT1/cmr/m/n/12 Note that $[][] \OML/cmm/m/it/12 ^^Q[]^^Q[]$ \OT1/cmr/m/n/12 
is in-de-pen-dent of $[][] \OML/cmm/m/it/12 ^^U[]\OT1/cmr/m/n/12 ((\OT1/cmr/bx/
n/12 I[] \OMS/cmsy/m/n/12 ^^@ \OT1/cmr/bx/n/12 P[]\OT1/cmr/m/n/12 )\OT1/cmr/bx/
n/12 ^^F\OT1/cmr/m/n/12 (\OT1/cmr/bx/n/12 I[] \OMS/cmsy/m/n/12 ^^@ \OT1/cmr/bx/
n/12 P[]\OT1/cmr/m/n/12 ))\OML/cmm/m/it/12 ^^Q[]^^Q[]$\OT1/cmr/m/n/12 .
 []


Overfull \hbox (10.6087pt too wide) in paragraph at lines 3161--3161
[] 
 []

[41]
Underfull \vbox (badness 10000) has occurred while \output is active []

 [42]
Overfull \hbox (8.78525pt too wide) in paragraph at lines 3282--3300
[] \OT1/cmr/m/n/12 = \OML/cmm/m/it/12 o[] []$\OT1/cmr/m/n/12 . Thus,
 []


Overfull \hbox (24.81276pt too wide) in paragraph at lines 3337--3344
\OT1/cmr/m/n/12 or $[](\OT1/cmr/bx/n/12 ^^C[]\OT1/cmr/m/n/12 )\OML/cmm/m/it/12 
=\OT1/cmr/m/n/12 (\OML/cmm/m/it/12 n[]\OT1/cmr/m/n/12 ) \OMS/cmsy/m/n/12 ! \OT1
/cmr/m/n/12 0$, we have $\OML/cmm/m/it/12 n[] []\OT1/cmr/m/n/12 (\OT1/cmr/bx/n/
12 ^^C[]\OT1/cmr/m/n/12 ) = \OML/cmm/m/it/12 o[] []$\OT1/cmr/m/n/12 .
 []


Underfull \vbox (badness 1789) has occurred while \output is active []

 [43]
[44] [45] (./supp.bbl [46]
Underfull \hbox (badness 1072) in paragraph at lines 13--17
\OT1/cmr/m/n/12 co-vari-ance ma-tri-ces.  \OT1/cmr/m/it/12 Jour-nal of the Amer
-i-can Sta-tis-ti-cal As-so-ci-a-
 []

)
Package atveryend Info: Empty hook `BeforeClearDocument' on input line 3595.
 [47]
Package atveryend Info: Empty hook `AfterLastShipout' on input line 3595.
 (./supp.aux)
Package atveryend Info: Executing hook `AtVeryEndDocument' on input line 3595.
Package atveryend Info: Executing hook `AtEndAfterFileList' on input line 3595.

Package rerunfilecheck Info: File `supp.out' has not changed.
(rerunfilecheck)             Checksum: A3AB49D57F1B3C4A59ECA371CD379AAF;179.
Package atveryend Info: Empty hook `AtVeryVeryEnd' on input line 3595.
 ) 
Here is how much of TeX's memory you used:
 7750 strings out of 493029
 110232 string characters out of 6136233
 214241 words of memory out of 5000000
 11036 multiletter control sequences out of 15000+600000
 17120 words of font info for 63 fonts, out of 8000000 for 9000
 1141 hyphenation exceptions out of 8191
 34i,25n,45p,298b,431s stack positions out of 5000i,500n,10000p,200000b,80000s
pdfTeX warning (dest): name{proposition.5} has been referenced but does not e
xist, replaced by a fixed one

pdfTeX warning (dest): name{Item.4} has been referenced but does not exist, rep
laced by a fixed one

pdfTeX warning (dest): name{theorem.2} has been referenced but does not exist, 
replaced by a fixed one

pdfTeX warning (dest): name{corollary.1} has been referenced but does not exist
, replaced by a fixed one

pdfTeX warning (dest): name{theorem.1} has been referenced but does not exist, 
replaced by a fixed one

pdfTeX warning (dest): name{proposition.4} has been referenced but does not exi
st, replaced by a fixed one

pdfTeX warning (dest): name{proposition.3} has been referenced but does not exi
st, replaced by a fixed one

pdfTeX warning (dest): name{proposition.2} has been referenced but does not exi
st, replaced by a fixed one

pdfTeX warning (dest): name{proposition.1} has been referenced but does not exi
st, replaced by a fixed one

</usr/share/texlive/texmf-dist/fonts/type1/public/amsfonts/cm/cmbx12.pfb></usr/
share/texlive/texmf-dist/fonts/type1/public/amsfonts/cm/cmbx6.pfb></usr/share/t
exlive/texmf-dist/fonts/type1/public/amsfonts/cm/cmbx8.pfb></usr/share/texlive/
texmf-dist/fonts/type1/public/amsfonts/cm/cmbxti10.pfb></usr/share/texlive/texm
f-dist/fonts/type1/public/amsfonts/cm/cmex10.pfb></usr/share/texlive/texmf-dist
/fonts/type1/public/amsfonts/cm/cmmi12.pfb></usr/share/texlive/texmf-dist/fonts
/type1/public/amsfonts/cm/cmmi8.pfb></usr/share/texlive/texmf-dist/fonts/type1/
public/amsfonts/cm/cmmib10.pfb></usr/share/texlive/texmf-dist/fonts/type1/publi
c/amsfonts/cm/cmr10.pfb></usr/share/texlive/texmf-dist/fonts/type1/public/amsfo
nts/cm/cmr12.pfb></usr/share/texlive/texmf-dist/fonts/type1/public/amsfonts/cm/
cmr6.pfb></usr/share/texlive/texmf-dist/fonts/type1/public/amsfonts/cm/cmr8.pfb
></usr/share/texlive/texmf-dist/fonts/type1/public/amsfonts/cm/cmr9.pfb></usr/s
hare/texlive/texmf-dist/fonts/type1/public/amsfonts/cm/cmsy10.pfb></usr/share/t
exlive/texmf-dist/fonts/type1/public/amsfonts/cm/cmsy6.pfb></usr/share/texlive/
texmf-dist/fonts/type1/public/amsfonts/cm/cmsy8.pfb></usr/share/texlive/texmf-d
ist/fonts/type1/public/amsfonts/cm/cmti12.pfb></usr/share/texlive/texmf-dist/fo
nts/type1/public/amsfonts/symbols/msbm10.pfb>
Output written on supp.pdf (47 pages, 322566 bytes).
PDF statistics:
 531 PDF objects out of 1000 (max. 8388607)
 459 compressed objects within 5 object streams
 125 named destinations out of 1000 (max. 500000)
 25 words of extra memory for PDF output out of 10000 (max. 10000000)

