This is pdfTeX, Version 3.14159265-2.6-1.40.16 (TeX Live 2015/Debian) (preloaded format=pdflatex 2017.9.3)  15 JUL 2018 22:15
entering extended mode
 restricted \write18 enabled.
 %&-line parsing enabled.
**main
(./main.tex
LaTeX2e <2016/02/01>
Babel <3.9q> and hyphenation patterns for 81 language(s) loaded.
(/usr/share/texlive/texmf-dist/tex/latex/base/article.cls
Document Class: article 2014/09/29 v1.4h Standard LaTeX document class
(/usr/share/texlive/texmf-dist/tex/latex/base/size12.clo
File: size12.clo 2014/09/29 v1.4h Standard LaTeX file (size option)
)
\c@part=\count79
\c@section=\count80
\c@subsection=\count81
\c@subsubsection=\count82
\c@paragraph=\count83
\c@subparagraph=\count84
\c@figure=\count85
\c@table=\count86
\abovecaptionskip=\skip41
\belowcaptionskip=\skip42
\bibindent=\dimen102
)
(/usr/share/texlive/texmf-dist/tex/latex/natbib/natbib.sty
Package: natbib 2010/09/13 8.31b (PWD, AO)
\bibhang=\skip43
\bibsep=\skip44
LaTeX Info: Redefining \cite on input line 694.
\c@NAT@ctr=\count87
)
(/usr/share/texlive/texmf-dist/tex/latex/tools/array.sty
Package: array 2014/10/28 v2.4c Tabular extension package (FMi)
\col@sep=\dimen103
\extrarowheight=\dimen104
\NC@list=\toks14
\extratabsurround=\skip45
\backup@length=\skip46
)
(/usr/share/texlive/texmf-dist/tex/latex/graphics/epsfig.sty
Package: epsfig 1999/02/16 v1.7a (e)psfig emulation (SPQR)

(/usr/share/texlive/texmf-dist/tex/latex/graphics/graphicx.sty
Package: graphicx 2014/10/28 v1.0g Enhanced LaTeX Graphics (DPC,SPQR)

(/usr/share/texlive/texmf-dist/tex/latex/graphics/keyval.sty
Package: keyval 2014/10/28 v1.15 key=value parser (DPC)
\KV@toks@=\toks15
)
(/usr/share/texlive/texmf-dist/tex/latex/graphics/graphics.sty
Package: graphics 2016/01/03 v1.0q Standard LaTeX Graphics (DPC,SPQR)

(/usr/share/texlive/texmf-dist/tex/latex/graphics/trig.sty
Package: trig 2016/01/03 v1.10 sin cos tan (DPC)
)
(/usr/share/texlive/texmf-dist/tex/latex/latexconfig/graphics.cfg
File: graphics.cfg 2010/04/23 v1.9 graphics configuration of TeX Live
)
Package graphics Info: Driver file: pdftex.def on input line 95.

(/usr/share/texlive/texmf-dist/tex/latex/pdftex-def/pdftex.def
File: pdftex.def 2011/05/27 v0.06d Graphics/color for pdfTeX

(/usr/share/texlive/texmf-dist/tex/generic/oberdiek/infwarerr.sty
Package: infwarerr 2010/04/08 v1.3 Providing info/warning/error messages (HO)
)
(/usr/share/texlive/texmf-dist/tex/generic/oberdiek/ltxcmds.sty
Package: ltxcmds 2011/11/09 v1.22 LaTeX kernel commands for general use (HO)
)
\Gread@gobject=\count88
))
\Gin@req@height=\dimen105
\Gin@req@width=\dimen106
)
\epsfxsize=\dimen107
\epsfysize=\dimen108
)
(/usr/share/texlive/texmf-dist/tex/latex/fancyhdr/fancyheadings.sty
Package: fancyheadings 2008/02/04 1.99 Dummy package to call fancyhdr


Package fancyheadings Warning: Please stop using fancyheadings!
(fancyheadings)                Use fancyhdr instead.
(fancyheadings)                We will call fancyhdr with the very same
(fancyheadings)                options you passed to fancyheadings.
(fancyheadings)                
(fancyheadings)                fancyhdr is 99 percent compatible with
(fancyheadings)                fancyheadings. The only incompatibility is
(fancyheadings)                that \headrulewidth and \footrulewidth and
(fancyheadings)                their \plain... versions are no longer length
(fancyheadings)                parameters, but normal macros (to be changed
(fancyheadings)                with \renewcommand rather than \setlength)..

(/usr/share/texlive/texmf-dist/tex/latex/fancyhdr/fancyhdr.sty
\fancy@headwidth=\skip47
\f@ncyO@elh=\skip48
\f@ncyO@erh=\skip49
\f@ncyO@olh=\skip50
\f@ncyO@orh=\skip51
\f@ncyO@elf=\skip52
\f@ncyO@erf=\skip53
\f@ncyO@olf=\skip54
\f@ncyO@orf=\skip55
))
(/usr/share/texlive/texmf-dist/tex/latex/rotating/rotating.sty
Package: rotating 2009/03/28 v2.16a rotated objects in LaTeX

(/usr/share/texlive/texmf-dist/tex/latex/base/ifthen.sty
Package: ifthen 2014/09/29 v1.1c Standard LaTeX ifthen package (DPC)
)
\c@r@tfl@t=\count89
\rotFPtop=\skip56
\rotFPbot=\skip57
\rot@float@box=\box26
\rot@mess@toks=\toks16
)
(/usr/share/texlive/texmf-dist/tex/latex/hyperref/hyperref.sty
Package: hyperref 2012/11/06 v6.83m Hypertext links for LaTeX

(/usr/share/texlive/texmf-dist/tex/generic/oberdiek/hobsub-hyperref.sty
Package: hobsub-hyperref 2012/05/28 v1.13 Bundle oberdiek, subset hyperref (HO)


(/usr/share/texlive/texmf-dist/tex/generic/oberdiek/hobsub-generic.sty
Package: hobsub-generic 2012/05/28 v1.13 Bundle oberdiek, subset generic (HO)
Package: hobsub 2012/05/28 v1.13 Construct package bundles (HO)
Package hobsub Info: Skipping package `infwarerr' (already loaded).
Package hobsub Info: Skipping package `ltxcmds' (already loaded).
Package: ifluatex 2010/03/01 v1.3 Provides the ifluatex switch (HO)
Package ifluatex Info: LuaTeX not detected.
Package: ifvtex 2010/03/01 v1.5 Detect VTeX and its facilities (HO)
Package ifvtex Info: VTeX not detected.
Package: intcalc 2007/09/27 v1.1 Expandable calculations with integers (HO)
Package: ifpdf 2011/01/30 v2.3 Provides the ifpdf switch (HO)
Package ifpdf Info: pdfTeX in PDF mode is detected.
Package: etexcmds 2011/02/16 v1.5 Avoid name clashes with e-TeX commands (HO)
Package etexcmds Info: Could not find \expanded.
(etexcmds)             That can mean that you are not using pdfTeX 1.50 or
(etexcmds)             that some package has redefined \expanded.
(etexcmds)             In the latter case, load this package earlier.
Package: kvsetkeys 2012/04/25 v1.16 Key value parser (HO)
Package: kvdefinekeys 2011/04/07 v1.3 Define keys (HO)
Package: pdftexcmds 2011/11/29 v0.20 Utility functions of pdfTeX for LuaTeX (HO
)
Package pdftexcmds Info: LuaTeX not detected.
Package pdftexcmds Info: \pdf@primitive is available.
Package pdftexcmds Info: \pdf@ifprimitive is available.
Package pdftexcmds Info: \pdfdraftmode found.
Package: pdfescape 2011/11/25 v1.13 Implements pdfTeX's escape features (HO)
Package: bigintcalc 2012/04/08 v1.3 Expandable calculations on big integers (HO
)
Package: bitset 2011/01/30 v1.1 Handle bit-vector datatype (HO)
Package: uniquecounter 2011/01/30 v1.2 Provide unlimited unique counter (HO)
)
Package hobsub Info: Skipping package `hobsub' (already loaded).
Package: letltxmacro 2010/09/02 v1.4 Let assignment for LaTeX macros (HO)
Package: hopatch 2012/05/28 v1.2 Wrapper for package hooks (HO)
Package: xcolor-patch 2011/01/30 xcolor patch
Package: atveryend 2011/06/30 v1.8 Hooks at the very end of document (HO)
Package atveryend Info: \enddocument detected (standard20110627).
Package: atbegshi 2011/10/05 v1.16 At begin shipout hook (HO)
Package: refcount 2011/10/16 v3.4 Data extraction from label references (HO)
Package: hycolor 2011/01/30 v1.7 Color options for hyperref/bookmark (HO)
)
(/usr/share/texlive/texmf-dist/tex/generic/ifxetex/ifxetex.sty
Package: ifxetex 2010/09/12 v0.6 Provides ifxetex conditional
)
(/usr/share/texlive/texmf-dist/tex/latex/oberdiek/auxhook.sty
Package: auxhook 2011/03/04 v1.3 Hooks for auxiliary files (HO)
)
(/usr/share/texlive/texmf-dist/tex/latex/oberdiek/kvoptions.sty
Package: kvoptions 2011/06/30 v3.11 Key value format for package options (HO)
)
\@linkdim=\dimen109
\Hy@linkcounter=\count90
\Hy@pagecounter=\count91

(/usr/share/texlive/texmf-dist/tex/latex/hyperref/pd1enc.def
File: pd1enc.def 2012/11/06 v6.83m Hyperref: PDFDocEncoding definition (HO)
)
\Hy@SavedSpaceFactor=\count92

(/usr/share/texlive/texmf-dist/tex/latex/latexconfig/hyperref.cfg
File: hyperref.cfg 2002/06/06 v1.2 hyperref configuration of TeXLive
)
Package hyperref Info: Hyper figures OFF on input line 4443.
Package hyperref Info: Link nesting OFF on input line 4448.
Package hyperref Info: Hyper index ON on input line 4451.
Package hyperref Info: Plain pages OFF on input line 4458.
Package hyperref Info: Backreferencing OFF on input line 4463.
Package hyperref Info: Implicit mode ON; LaTeX internals redefined.
Package hyperref Info: Bookmarks ON on input line 4688.
\c@Hy@tempcnt=\count93

(/usr/share/texlive/texmf-dist/tex/latex/url/url.sty
\Urlmuskip=\muskip10
Package: url 2013/09/16  ver 3.4  Verb mode for urls, etc.
)
LaTeX Info: Redefining \url on input line 5041.
\XeTeXLinkMargin=\dimen110
\Fld@menulength=\count94
\Field@Width=\dimen111
\Fld@charsize=\dimen112
Package hyperref Info: Hyper figures OFF on input line 6295.
Package hyperref Info: Link nesting OFF on input line 6300.
Package hyperref Info: Hyper index ON on input line 6303.
Package hyperref Info: backreferencing OFF on input line 6310.
Package hyperref Info: Link coloring OFF on input line 6315.
Package hyperref Info: Link coloring with OCG OFF on input line 6320.
Package hyperref Info: PDF/A mode OFF on input line 6325.
LaTeX Info: Redefining \ref on input line 6365.
LaTeX Info: Redefining \pageref on input line 6369.
\Hy@abspage=\count95
\c@Item=\count96
\c@Hfootnote=\count97
)

Package hyperref Message: Driver (autodetected): hpdftex.

(/usr/share/texlive/texmf-dist/tex/latex/hyperref/hpdftex.def
File: hpdftex.def 2012/11/06 v6.83m Hyperref driver for pdfTeX
\Fld@listcount=\count98
\c@bookmark@seq@number=\count99

(/usr/share/texlive/texmf-dist/tex/latex/oberdiek/rerunfilecheck.sty
Package: rerunfilecheck 2011/04/15 v1.7 Rerun checks for auxiliary files (HO)
Package uniquecounter Info: New unique counter `rerunfilecheck' on input line 2
82.
)
\Hy@SectionHShift=\skip58
)
(/usr/share/texlive/texmf-dist/tex/latex/sectsty/sectsty.sty
Package: sectsty 2002/02/25 v2.0.2 Commands to change all sectional heading sty
les
)
(/usr/share/texlive/texmf-dist/tex/latex/secdot/secdot.sty
Package: secdot 2000/06/20 v1.0 section numbers with dots
)
(/usr/share/texlive/texmf-dist/tex/latex/amsmath/amsmath.sty
Package: amsmath 2016/03/03 v2.15a AMS math features
\@mathmargin=\skip59

For additional information on amsmath, use the `?' option.
(/usr/share/texlive/texmf-dist/tex/latex/amsmath/amstext.sty
Package: amstext 2000/06/29 v2.01 AMS text

(/usr/share/texlive/texmf-dist/tex/latex/amsmath/amsgen.sty
File: amsgen.sty 1999/11/30 v2.0 generic functions
\@emptytoks=\toks17
\ex@=\dimen113
))
(/usr/share/texlive/texmf-dist/tex/latex/amsmath/amsbsy.sty
Package: amsbsy 1999/11/29 v1.2d Bold Symbols
\pmbraise@=\dimen114
)
(/usr/share/texlive/texmf-dist/tex/latex/amsmath/amsopn.sty
Package: amsopn 1999/12/14 v2.01 operator names
)
\inf@bad=\count100
LaTeX Info: Redefining \frac on input line 199.
\uproot@=\count101
\leftroot@=\count102
LaTeX Info: Redefining \overline on input line 297.
\classnum@=\count103
\DOTSCASE@=\count104
LaTeX Info: Redefining \ldots on input line 394.
LaTeX Info: Redefining \dots on input line 397.
LaTeX Info: Redefining \cdots on input line 518.
\Mathstrutbox@=\box27
\strutbox@=\box28
\big@size=\dimen115
LaTeX Font Info:    Redeclaring font encoding OML on input line 630.
LaTeX Font Info:    Redeclaring font encoding OMS on input line 631.
\macc@depth=\count105
\c@MaxMatrixCols=\count106
\dotsspace@=\muskip11
\c@parentequation=\count107
\dspbrk@lvl=\count108
\tag@help=\toks18
\row@=\count109
\column@=\count110
\maxfields@=\count111
\andhelp@=\toks19
\eqnshift@=\dimen116
\alignsep@=\dimen117
\tagshift@=\dimen118
\tagwidth@=\dimen119
\totwidth@=\dimen120
\lineht@=\dimen121
\@envbody=\toks20
\multlinegap=\skip60
\multlinetaggap=\skip61
\mathdisplay@stack=\toks21
LaTeX Info: Redefining \[ on input line 2735.
LaTeX Info: Redefining \] on input line 2736.
)
(/usr/share/texlive/texmf-dist/tex/latex/amsfonts/amssymb.sty
Package: amssymb 2013/01/14 v3.01 AMS font symbols

(/usr/share/texlive/texmf-dist/tex/latex/amsfonts/amsfonts.sty
Package: amsfonts 2013/01/14 v3.01 Basic AMSFonts support
\symAMSa=\mathgroup4
\symAMSb=\mathgroup5
LaTeX Font Info:    Overwriting math alphabet `\mathfrak' in version `bold'
(Font)                  U/euf/m/n --> U/euf/b/n on input line 106.
))
(/usr/share/texlive/texmf-dist/tex/latex/multirow/multirow.sty
\bigstrutjot=\dimen122
)
(/usr/share/texlive/texmf-dist/tex/latex/amscls/amsthm.sty
Package: amsthm 2015/03/04 v2.20.2
\thm@style=\toks22
\thm@bodyfont=\toks23
\thm@headfont=\toks24
\thm@notefont=\toks25
\thm@headpunct=\toks26
\thm@preskip=\skip62
\thm@postskip=\skip63
\thm@headsep=\skip64
\dth@everypar=\toks27
)
(/usr/share/texlive/texmf-dist/tex/latex/appendix/appendix.sty
Package: appendix 2009/09/02 v1.2b extra appendix facilities
\c@@pps=\count112
\c@@ppsavesec=\count113
\c@@ppsaveapp=\count114
)
(/usr/share/texlive/texmf-dist/tex/latex/tools/bm.sty
Package: bm 2014/10/28 v1.1c Bold Symbol Support (DPC/FMi)
\symboldoperators=\mathgroup6
\symboldletters=\mathgroup7
\symboldsymbols=\mathgroup8
LaTeX Font Info:    Redeclaring math alphabet \mathbf on input line 141.
LaTeX Info: Redefining \bm on input line 207.
)
(/usr/share/texlive/texmf-dist/tex/latex/graphics/color.sty
Package: color 2016/01/03 v1.1b Standard LaTeX Color (DPC)

(/usr/share/texlive/texmf-dist/tex/latex/latexconfig/color.cfg
File: color.cfg 2007/01/18 v1.5 color configuration of teTeX/TeXLive
)
Package color Info: Driver file: pdftex.def on input line 143.
)
(/usr/share/texlive/texmf-dist/tex/latex/booktabs/booktabs.sty
Package: booktabs 2005/04/14 v1.61803 publication quality tables
\heavyrulewidth=\dimen123
\lightrulewidth=\dimen124
\cmidrulewidth=\dimen125
\belowrulesep=\dimen126
\belowbottomsep=\dimen127
\aboverulesep=\dimen128
\abovetopsep=\dimen129
\cmidrulesep=\dimen130
\cmidrulekern=\dimen131
\defaultaddspace=\dimen132
\@cmidla=\count115
\@cmidlb=\count116
\@aboverulesep=\dimen133
\@belowrulesep=\dimen134
\@thisruleclass=\count117
\@lastruleclass=\count118
\@thisrulewidth=\dimen135
)
(/usr/share/texlive/texmf-dist/tex/latex/algorithms/algorithm.sty
Package: algorithm 2009/08/24 v0.1 Document Style `algorithm' - floating enviro
nment

(/usr/share/texlive/texmf-dist/tex/latex/float/float.sty
Package: float 2001/11/08 v1.3d Float enhancements (AL)
\c@float@type=\count119
\float@exts=\toks28
\float@box=\box29
\@float@everytoks=\toks29
\@floatcapt=\box30
)
\@float@every@algorithm=\toks30
\c@algorithm=\count120
)
(/usr/share/texlive/texmf-dist/tex/latex/algorithms/algorithmic.sty
Package: algorithmic 2009/08/24 v0.1 Document Style `algorithmic'
\c@ALC@unique=\count121
\c@ALC@line=\count122
\c@ALC@rem=\count123
\c@ALC@depth=\count124
\ALC@tlm=\skip65
\algorithmicindent=\skip66
)
(/usr/share/texlive/texmf-dist/tex/latex/IEEEtran/IEEEtrantools.sty
Package: IEEEtrantools 2015/08/26 V1.5 by Michael Shell

-- See the "IEEEtrantools_doc.txt" manual for usage information.
-- http://www.michaelshell.org/tex/ieeetran/tools/
\@IEEEtrantmpdimenA=\dimen136
\@IEEEtrantmpdimenB=\dimen137
\@IEEEtrantmpdimenC=\dimen138
\@IEEEtrantmpcountA=\count125
\@IEEEtrantmpcountB=\count126
\@IEEEtrantmpcountC=\count127
\@IEEEtrantmptoksA=\toks31
\IEEEnormaljot=\dimen139
\IEEEquantizedlength=\dimen140
\IEEEquantizedlengthdiff=\dimen141
\IEEEquantizedtextheightdiff=\dimen142
\IEEEilabelindentA=\dimen143
\IEEEilabelindentB=\dimen144
\IEEEilabelindent=\dimen145
\IEEEelabelindent=\dimen146
\IEEEdlabelindent=\dimen147
\IEEElabelindent=\dimen148
\IEEEiednormlabelsep=\dimen149
\IEEEiedmathlabelsep=\dimen150
\IEEEiedtopsep=\skip67
\c@IEEEsubequation=\count128
\@IEEEeqnnumcols=\count129
\@IEEEeqncolcnt=\count130
\@IEEEsubeqnnumrollback=\count131
\IEEEPARstartletwidth=\dimen151
) (/usr/share/texlive/texmf-dist/tex/latex/tools/enumerate.sty
Package: enumerate 2015/07/23 v3.00 enumerate extensions (DPC)
\@enLab=\toks32
)
\c@assumption=\count132
\c@theorem=\count133
\c@lemma=\count134
\c@corollary=\count135
\c@proposition=\count136
\c@definition=\count137
\c@example=\count138
\c@remark=\count139
 (./main.aux)
\openout1 = `main.aux'.

LaTeX Font Info:    Checking defaults for OML/cmm/m/it on input line 114.
LaTeX Font Info:    ... okay on input line 114.
LaTeX Font Info:    Checking defaults for T1/cmr/m/n on input line 114.
LaTeX Font Info:    ... okay on input line 114.
LaTeX Font Info:    Checking defaults for OT1/cmr/m/n on input line 114.
LaTeX Font Info:    ... okay on input line 114.
LaTeX Font Info:    Checking defaults for OMS/cmsy/m/n on input line 114.
LaTeX Font Info:    ... okay on input line 114.
LaTeX Font Info:    Checking defaults for OMX/cmex/m/n on input line 114.
LaTeX Font Info:    ... okay on input line 114.
LaTeX Font Info:    Checking defaults for U/cmr/m/n on input line 114.
LaTeX Font Info:    ... okay on input line 114.
LaTeX Font Info:    Checking defaults for PD1/pdf/m/n on input line 114.
LaTeX Font Info:    ... okay on input line 114.

(/usr/share/texlive/texmf-dist/tex/context/base/supp-pdf.mkii
[Loading MPS to PDF converter (version 2006.09.02).]
\scratchcounter=\count140
\scratchdimen=\dimen152
\scratchbox=\box31
\nofMPsegments=\count141
\nofMParguments=\count142
\everyMPshowfont=\toks33
\MPscratchCnt=\count143
\MPscratchDim=\dimen153
\MPnumerator=\count144
\makeMPintoPDFobject=\count145
\everyMPtoPDFconversion=\toks34
) (/usr/share/texlive/texmf-dist/tex/latex/oberdiek/epstopdf-base.sty
Package: epstopdf-base 2010/02/09 v2.5 Base part for package epstopdf

(/usr/share/texlive/texmf-dist/tex/latex/oberdiek/grfext.sty
Package: grfext 2010/08/19 v1.1 Manage graphics extensions (HO)
)
Package grfext Info: Graphics extension search list:
(grfext)             [.png,.pdf,.jpg,.mps,.jpeg,.jbig2,.jb2,.PNG,.PDF,.JPG,.JPE
G,.JBIG2,.JB2,.eps]
(grfext)             \AppendGraphicsExtensions on input line 452.

(/usr/share/texlive/texmf-dist/tex/latex/latexconfig/epstopdf-sys.cfg
File: epstopdf-sys.cfg 2010/07/13 v1.3 Configuration of (r)epstopdf for TeX Liv
e
))
\AtBeginShipoutBox=\box32
Package hyperref Info: Link coloring OFF on input line 114.

(/usr/share/texlive/texmf-dist/tex/latex/hyperref/nameref.sty
Package: nameref 2012/10/27 v2.43 Cross-referencing by name of section

(/usr/share/texlive/texmf-dist/tex/generic/oberdiek/gettitlestring.sty
Package: gettitlestring 2010/12/03 v1.4 Cleanup title references (HO)
)
\c@section@level=\count146
)
LaTeX Info: Redefining \ref on input line 114.
LaTeX Info: Redefining \pageref on input line 114.
LaTeX Info: Redefining \nameref on input line 114.

(./main.out) (./main.out)
\@outlinefile=\write3
\openout3 = `main.out'.

LaTeX Font Info:    Try loading font information for U+msa on input line 132.

(/usr/share/texlive/texmf-dist/tex/latex/amsfonts/umsa.fd
File: umsa.fd 2013/01/14 v3.01 AMS symbols A
)
LaTeX Font Info:    Try loading font information for U+msb on input line 132.

(/usr/share/texlive/texmf-dist/tex/latex/amsfonts/umsb.fd
File: umsb.fd 2013/01/14 v3.01 AMS symbols B
)

Package Fancyhdr Warning: \headheight is too small (12.0pt): 
 Make it at least 41.68335pt.
 We now make it that large for the rest of the document.
 This may cause the page layout to be inconsistent, however.

[1{/var/lib/texmf/fonts/map/pdftex/updmap/pdftex.map}

]
Missing character: There is no ã in font cmr12!
Missing character: There is no € in font cmr12!
Missing character: There is no € in font cmr12!
 [2] [3]
Overfull \hbox (40.13124pt too wide) in paragraph at lines 250--252
[]\OT1/cmr/m/n/12 Most ex-ist-ing sum-of-squares type tests as-sume the con-di-
tion $[](\OT1/cmr/bx/n/12 ^^F[]\OT1/cmr/m/n/12 )\OML/cmm/m/it/12 = [][]\OT1/cmr
/m/n/12 (\OT1/cmr/bx/n/12 ^^F[]\OT1/cmr/m/n/12 ) \OMS/cmsy/m/n/12 !
 []

[4] [5] [6] [7] [8] [9] [10] [11]
Overfull \hbox (97.2846pt too wide) detected at line 596
[] []
 []


Overfull \hbox (84.39421pt too wide) detected at line 605
[] []
 []

[12] [13]
Overfull \hbox (35.37843pt too wide) in paragraph at lines 646--648
\OML/cmm/b/it/12 ^^U[] \OT1/cmr/m/n/12 = \OML/cmm/m/it/12 O\OT1/cmr/m/n/12 (\OM
L/cmm/m/it/12 n[] [][]\OT1/cmr/m/n/12 (\OT1/cmr/bx/n/12 ^^F[]\OT1/cmr/m/n/12 ))
$\OT1/cmr/m/it/12 . Then un-der the lo-cal al-ter-na-tive hy-poth-e-sis $\OMS/c
msy/m/n/12 k\OT1/cmr/bx/n/12 C[]^^B[]^^BC\OMS/cmsy/m/n/12 k \OT1/cmr/m/n/12 =
 []

[14]
Overfull \hbox (20.66736pt too wide) detected at line 688
[] [] \OT1/cmr/m/n/12 = [] [] + \OML/cmm/m/it/12 o\OT1/cmr/m/n/12 (1)\OML/cmm/m
/it/12 :
 []

[15] [16] [17]
Overfull \hbox (20.55276pt too wide) in paragraph at lines 809--810
[]\OT1/cmr/bx/n/12 Proposition 3. []\OT1/cmr/m/it/12 Sup-pose that $\OML/cmm/m/
it/12 r \OT1/cmr/m/n/12 = \OML/cmm/m/it/12 o\OT1/cmr/m/n/12 (\OML/cmm/m/it/12 n
\OT1/cmr/m/n/12 )$\OT1/cmr/m/it/12 , $[]\OT1/cmr/m/n/12 (\OT1/cmr/bx/n/12 ^^C[]
\OT1/cmr/m/n/12 )\OML/cmm/m/it/12 =\OT1/cmr/m/n/12 (\OML/cmm/m/it/12 n\OML/cmm/
b/it/12 ^^U[]\OT1/cmr/m/n/12 ) \OMS/cmsy/m/n/12 ! \OT1/cmr/m/n/12 0$ \OT1/cmr/m
/it/12 and $\OML/cmm/m/it/12 r\OML/cmm/b/it/12 ^^U[]\OML/cmm/m/it/12 = []\OT1/c
mr/m/n/12 (\OT1/cmr/bx/n/12 ^^C[]\OT1/cmr/m/n/12 ) \OMS/cmsy/m/n/12 !
 []

[18] [19]
Overfull \hbox (34.92337pt too wide) in paragraph at lines 850--851
[]\OT1/cmr/bx/n/12 Proposition 4. []\OT1/cmr/m/it/12 Sup-pose that $\OML/cmm/m/
it/12 r \OT1/cmr/m/n/12 = \OML/cmm/m/it/12 o\OT1/cmr/m/n/12 (\OML/cmm/m/it/12 n
\OT1/cmr/m/n/12 )$\OT1/cmr/m/it/12 , $[]\OT1/cmr/m/n/12 (\OT1/cmr/bx/n/12 ^^C[]
\OT1/cmr/m/n/12 )\OML/cmm/b/it/12 ^^U[]\OML/cmm/m/it/12 =\OT1/cmr/m/n/12 (\OML/
cmm/m/it/12 n\OML/cmm/b/it/12 ^^U[]\OT1/cmr/m/n/12 ) \OMS/cmsy/m/n/12 ! \OT1/cm
r/m/n/12 0$ \OT1/cmr/m/it/12 and $\OML/cmm/m/it/12 n\OML/cmm/b/it/12 ^^U[]\OML/
cmm/m/it/12 = []\OT1/cmr/m/n/12 (\OT1/cmr/bx/n/12 ^^C[]\OT1/cmr/m/n/12 ) \OMS/c
msy/m/n/12 !
 []


Overfull \hbox (24.69225pt too wide) in paragraph at lines 878--881
[]\OT1/cmr/bx/n/12 Theorem 2. []\OT1/cmr/m/it/12 Sup-pose that $\OML/cmm/m/it/1
2 r \OT1/cmr/m/n/12 = \OML/cmm/m/it/12 o\OT1/cmr/m/n/12 ([])$\OT1/cmr/m/it/12 ,
 $\OML/cmm/m/it/12 r []\OT1/cmr/m/n/12 (\OT1/cmr/bx/n/12 ^^C[]\OT1/cmr/m/n/12 )
\OML/cmm/b/it/12 ^^U[]\OML/cmm/m/it/12 =\OT1/cmr/m/n/12 (\OML/cmm/m/it/12 n\OML
/cmm/b/it/12 ^^U[]\OT1/cmr/m/n/12 ) \OMS/cmsy/m/n/12 ! \OT1/cmr/m/n/12 0$\OT1/c
mr/m/it/12 , $\OML/cmm/m/it/12 rn\OML/cmm/b/it/12 ^^U[]\OML/cmm/m/it/12 = []\OT
1/cmr/m/n/12 (\OT1/cmr/bx/n/12 ^^C[]\OT1/cmr/m/n/12 ) \OMS/cmsy/m/n/12 !
 []


Overfull \hbox (78.54721pt too wide) in paragraph at lines 921--921
[] 
 []


Overfull \hbox (28.07516pt too wide) detected at line 921
[]
 []

[20]
Overfull \hbox (24.7795pt too wide) in paragraph at lines 974--974
[] 
 []


Overfull \hbox (28.07516pt too wide) detected at line 974
[]
 []

[21]
Overfull \hbox (29.01pt too wide) detected at line 1027
\OML/cmm/m/it/12 ^^U[] [] :
 []


Overfull \hbox (51.84866pt too wide) in paragraph at lines 1103--1103
[] 
 []


Overfull \hbox (28.07516pt too wide) detected at line 1103
[]
 []

[22] [23] [24] [25]
LaTeX Font Info:    Try loading font information for OMS+cmr on input line 1382
.
 (/usr/share/texlive/texmf-dist/tex/latex/base/omscmr.fd
File: omscmr.fd 2014/09/29 v2.5h Standard LaTeX font definitions
)
LaTeX Font Info:    Font shape `OMS/cmr/m/n' in size <12> not available
(Font)              Font shape `OMS/cmsy/m/n' tried instead on input line 1382.


[26] [27]
Overfull \hbox (116.83812pt too wide) in paragraph at lines 1429--1462
 [][] 
 []


Overfull \hbox (116.83812pt too wide) in paragraph at lines 1467--1503
 [][] 
 []


Overfull \hbox (116.83812pt too wide) in paragraph at lines 1509--1544
 [][] 
 []


Overfull \hbox (116.83812pt too wide) in paragraph at lines 1552--1588
 [][] 
 []

Package epstopdf Info: Source file: <figure1.eps>
(epstopdf)                    date: 2017-10-10 16:07:04
(epstopdf)                    size: 13058 bytes
(epstopdf)             Output file: <figure1-eps-converted-to.pdf>
(epstopdf)                    date: 2017-10-10 16:07:28
(epstopdf)                    size: 15544 bytes
(epstopdf)             Command: <repstopdf --outfile=figure1-eps-converted-to.p
df figure1.eps>
(epstopdf)             \includegraphics on input line 1593.
Package epstopdf Info: Output file is already uptodate.
<figure1-eps-converted-to.pdf, id=413, 505.89pt x 505.89pt>
File: figure1-eps-converted-to.pdf Graphic file (type pdf)

<use figure1-eps-converted-to.pdf>
Package pdftex.def Info: figure1-eps-converted-to.pdf used on input line 1593.
(pdftex.def)             Requested size: 341.43785pt x 341.43785pt.
 [28] [29pdfTeX warning (ext4): destination with the same identifier (name{tabl
e.1}) has been already used, duplicate ignored

\AtBegShi@Output ...ipout \box \AtBeginShipoutBox 
                                                  \fi \fi 
l.1614 
       ] [30pdfTeX warning (ext4): destination with the same identifier (name{t
able.2}) has been already used, duplicate ignored

\AtBegShi@Output ...ipout \box \AtBeginShipoutBox 
                                                  \fi \fi 
l.1614 
       ] [31pdfTeX warning (ext4): destination with the same identifier (name{t
able.3}) has been already used, duplicate ignored

\AtBegShi@Output ...ipout \box \AtBeginShipoutBox 
                                                  \fi \fi 
l.1614 
       ] [32pdfTeX warning (ext4): destination with the same identifier (name{t
able.4}) has been already used, duplicate ignored

\AtBegShi@Output ...ipout \box \AtBeginShipoutBox 
                                                  \fi \fi 
l.1614 
       ] [33pdfTeX warning (ext4): destination with the same identifier (name{f
igure.1}) has been already used, duplicate ignored

\AtBegShi@Output ...ipout \box \AtBeginShipoutBox 
                                                  \fi \fi 
l.1614 
        <./figure1-eps-converted-to.pdf>] [34] [35] [36] [37]
Overfull \hbox (1.61572pt too wide) in paragraph at lines 1838--1840
[]\OT1/cmr/m/n/12 We only need to deal with the ma-trix $\OML/cmm/m/it/12 n[]\O
T1/cmr/bx/n/12 Z[]^^CZ$
 []


Overfull \hbox (19.72879pt too wide) in paragraph at lines 1870--1870
[] 
 []


Overfull \hbox (42.2378pt too wide) in paragraph at lines 1870--1872
\OT1/cmr/m/n/12 Using Weyl's in-equal-ity, we can de-rive the fol-low-ing lower
 bound for $\OML/cmm/m/it/12 ^^U[]\OT1/cmr/m/n/12 (\OML/cmm/m/it/12 n[]\OT1/cmr
/bx/n/12 Z[]^^C[]Z[]\OT1/cmr/m/n/12 )$,
 []

[38]
Overfull \hbox (58.24117pt too wide) detected at line 1915
[] [][]
 []

[39] [40]
Overfull \hbox (4.69554pt too wide) in paragraph at lines 2048--2057
[]\OT1/cmr/m/n/12 The first two state-ments are di-rect con-se-quences
 []


Overfull \hbox (34.90982pt too wide) detected at line 2095
\OML/cmm/m/it/12 ^^U[]\OT1/cmr/m/n/12 (\OT1/cmr/bx/n/12 Y[]Y \OMS/cmsy/m/n/12 ^
^@ []\OT1/cmr/bx/n/12 I[]\OT1/cmr/m/n/12 ) \OMS/cmsy/m/n/12 ^^T [] [] \OML/cmm/
m/it/12 :
 []

[41] [42]
Overfull \hbox (1.16689pt too wide) detected at line 2146
[]\OT1/cmr/m/n/12 (\OML/cmm/m/it/12 Z[]\OT1/cmr/bx/n/12 ^^C[]\OML/cmm/m/it/12 Z
[] \OMS/cmsy/m/n/12 ^^@ []\OT1/cmr/m/n/12 )[] \OMS/cmsy/m/n/12 ^^T \OT1/cmr/m/n
/12 2 [](\OML/cmm/m/it/12 Z[]\OT1/cmr/bx/n/12 ^^C[]\OML/cmm/m/it/12 Z[] \OMS/cm
sy/m/n/12 ^^@ []\OT1/cmr/m/n/12 (\OT1/cmr/bx/n/12 ^^C[]\OT1/cmr/m/n/12 ))[] + 2
\OML/cmm/m/it/12 n\OT1/cmr/m/n/12 ([] \OMS/cmsy/m/n/12 ^^@ []\OT1/cmr/m/n/12 (\
OT1/cmr/bx/n/12 ^^C[]\OT1/cmr/m/n/12 ))[]\OML/cmm/m/it/12 :
 []


Overfull \hbox (34.81354pt too wide) in paragraph at lines 2155--2159
\OT1/cmr/m/n/12 For the sec-ond term, it is straight-for-ward to show that $[] 
2 [][](\OML/cmm/m/it/12 Z[]\OT1/cmr/bx/n/12 ^^C[]\OML/cmm/m/it/12 Z[]\OT1/cmr/m
/n/12 )[] =
 []


Overfull \hbox (2.2006pt too wide) detected at line 2190
[]\OT1/cmr/m/n/12 (\OT1/cmr/bx/n/12 Z[]^^C[]Z[] \OMS/cmsy/m/n/12 ^^@ []\OT1/cmr
/bx/n/12 I[]\OT1/cmr/m/n/12 )[] = \OML/cmm/m/it/12 n[] []\OT1/cmr/m/n/12 (\OT1/
cmr/bx/n/12 ^^C[]\OT1/cmr/m/n/12 ) + \OML/cmm/m/it/12 O[] [] :
 []

[43]
Overfull \hbox (47.32698pt too wide) in paragraph at lines 2238--2238
[] 
 []

[44]
Overfull \hbox (13.03546pt too wide) in paragraph at lines 2358--2358
[] 
 []

[45] [46]
Overfull \hbox (14.4791pt too wide) in paragraph at lines 2541--2544
\OT1/cmr/m/n/12 where the sec-ond last equal-ity fol-lows from the fact $\OMS/c
msy/m/n/12 k\OT1/cmr/m/n/12 (\OT1/cmr/bx/n/12 Z[]Z[]\OT1/cmr/m/n/12 )[]\OMS/cms
y/m/n/12 k \OT1/cmr/m/n/12 = \OML/cmm/m/it/12 ^^U[]\OT1/cmr/m/n/12 (\OT1/cmr/bx
/n/12 Z[]Z[]\OT1/cmr/m/n/12 )[]$,
 []

[47]
Overfull \hbox (6.1487pt too wide) in paragraph at lines 2609--2612
[]\OT1/cmr/m/n/12 Note that $\OT1/cmr/bx/n/12 U[]$ \OT1/cmr/m/n/12 is in fact t
he lead-ing $\OML/cmm/m/it/12 n \OMS/cmsy/m/n/12 ^^@ \OML/cmm/m/it/12 r$ \OT1/c
mr/m/n/12 eigen-vec-tors of $(\OT1/cmr/bx/n/12 I[] \OMS/cmsy/m/n/12 ^^@ \OT1/cm
r/bx/n/12 P[]\OT1/cmr/m/n/12 )[](\OT1/cmr/bx/n/12 I[] \OMS/cmsy/m/n/12 ^^@
 []

[48]
Overfull \hbox (32.04544pt too wide) detected at line 2647
\OMS/cmsy/m/n/12 k[]k \OT1/cmr/m/n/12 = \OML/cmm/b/it/12 ^^U[] [] \OT1/cmr/m/n/
12 = \OML/cmm/b/it/12 ^^U[]\OT1/cmr/m/n/12 (1 + \OML/cmm/m/it/12 o[]\OT1/cmr/m/
n/12 (1))\OML/cmm/m/it/12 :
 []


Overfull \hbox (15.33893pt too wide) in paragraph at lines 2665--2665
[] 
 []


Overfull \hbox (4.19205pt too wide) detected at line 2695
\OT1/cmr/bx/n/12 Z[]^^C[]U[]\OT1/cmr/m/n/12 (\OT1/cmr/bx/n/12 I[] \OMS/cmsy/m/n
/12 ^^@ \OT1/cmr/bx/n/12 P[]\OT1/cmr/m/n/12 ) = [][]\OT1/cmr/bx/n/12 Z[]^^C[]U[
] \OMS/cmsy/m/n/12 ^^@ \OT1/cmr/bx/n/12 Z[]^^C[]Z[]Z[]\OT1/cmr/m/n/12 (\OT1/cmr
/bx/n/12 Z[]Z[]\OT1/cmr/m/n/12 )[]\OT1/cmr/bx/n/12 ^^C[]U[]\OML/cmm/m/it/12 :
 []


Overfull \hbox (6.4309pt too wide) detected at line 2706
[] \OMS/cmsy/m/n/12 ^^T [][] \OT1/cmr/m/n/12 + \OML/cmm/b/it/12 ^^U[] [] [][] \
OML/cmm/m/it/12 :
 []

[49]
Overfull \hbox (15.12115pt too wide) in paragraph at lines 2729--2729
[] 
 []

[50]
Overfull \hbox (3.49022pt too wide) in paragraph at lines 2818--2822
\OT1/cmr/m/n/12 The ma-trix $\OML/cmm/m/it/12 n[]\OT1/cmr/bx/n/12 U[]^^C[]Z[][]
[]Z[]^^C[]U[]$ \OT1/cmr/m/n/12 shares the same non-zero eigen-
 []


Overfull \hbox (1.68626pt too wide) in paragraph at lines 2834--2834
[] 
 []

[51] [52]
Overfull \hbox (51.5578pt too wide) detected at line 2940
[] []
 []

[53]
Overfull \hbox (5.64781pt too wide) in paragraph at lines 3041--3041
[] 
 []

[54]
Overfull \hbox (13.97775pt too wide) in paragraph at lines 3153--3153
[] 
 []

[55]
Overfull \hbox (13.14426pt too wide) in paragraph at lines 3226--3226
[] 
 []


Overfull \hbox (52.64616pt too wide) in paragraph at lines 3264--3264
[] 
 []

[56]
Overfull \hbox (52.4516pt too wide) in paragraph at lines 3304--3304
[] 
 []

[57]
Overfull \hbox (36.86559pt too wide) detected at line 3382
[] []
 []


Overfull \hbox (107.43307pt too wide) in paragraph at lines 3444--3444
[] 
 []


Overfull \hbox (54.22795pt too wide) in paragraph at lines 3478--3478
[] 
 []

[58]
Overfull \hbox (0.85574pt too wide) in paragraph at lines 3484--3491
[]\OT1/cmr/m/n/12 It is straight-for-ward to show that $[] [] = [](\OT1/cmr/bx/
n/12 ^^F\OT1/cmr/m/n/12 )$
 []


Overfull \hbox (7.68097pt too wide) in paragraph at lines 3501--3512
\OT1/cmr/m/n/12 It can be seen that $\OML/cmm/m/it/12 n[] [][]\OT1/cmr/m/n/12 (
\OML/cmm/m/it/12 Z[]\OT1/cmr/bx/n/12 ^^C\OML/cmm/m/it/12 Z[] \OMS/cmsy/m/n/12 ^
^@ \OML/cmm/m/it/12 n[] [][] Z[]\OT1/cmr/bx/n/12 ^^C\OML/cmm/m/it/12 Z[]\OT1/cm
r/m/n/12 )[] = \OML/cmm/m/it/12 O[]\OT1/cmr/m/n/12 (\OML/cmm/m/it/12 n[] [][]\O
T1/cmr/m/n/12 (\OT1/cmr/bx/n/12 ^^F[]\OT1/cmr/m/n/12 ))$.
 []


Overfull \hbox (28.16035pt too wide) in paragraph at lines 3561--3561
[] 
 []

[59]
Overfull \hbox (59.46558pt too wide) detected at line 3598
\OML/cmm/m/it/12 ^^U[] [] \OT1/cmr/m/n/12 = \OML/cmm/m/it/12 n[] []\OT1/cmr/m/n
/12 (\OT1/cmr/bx/n/12 ^^C[]\OT1/cmr/m/n/12 ) [] \OML/cmm/m/it/12 :
 []


Overfull \hbox (19.9043pt too wide) in paragraph at lines 3611--3619
\OT1/cmr/m/n/12 We first deal with $(\OT1/cmr/bx/n/12 I[] \OMS/cmsy/m/n/12 ^^@ 
\OT1/cmr/bx/n/12 P[]\OT1/cmr/m/n/12 )\OT1/cmr/bx/n/12 ^^F\OT1/cmr/m/n/12 (\OT1/
cmr/bx/n/12 I[] \OMS/cmsy/m/n/12 ^^@ \OT1/cmr/bx/n/12 P[]\OT1/cmr/m/n/12 )$. Un
-der the con-di-tion $\OML/cmm/m/it/12 n\OML/cmm/b/it/12 ^^U[]\OML/cmm/m/it/12 
= []\OT1/cmr/m/n/12 (\OT1/cmr/bx/n/12 ^^C[]\OT1/cmr/m/n/12 ) \OMS/cmsy/m/n/12 !

 []


Overfull \hbox (78.98845pt too wide) in paragraph at lines 3649--3649
[] 
 []

[60]
Overfull \hbox (45.70726pt too wide) in paragraph at lines 3729--3729
[] 
 []


Overfull \hbox (48.16254pt too wide) in paragraph at lines 3729--3732
\OT1/cmr/m/n/12 where the last equal-ity fol-lows from [], [] and the con-di-ti
on $\OML/cmm/m/it/12 n\OML/cmm/b/it/12 ^^U[]\OML/cmm/m/it/12 = []\OT1/cmr/m/n/1
2 (\OT1/cmr/bx/n/12 ^^C[]\OT1/cmr/m/n/12 ) \OMS/cmsy/m/n/12 !
 []


Overfull \hbox (22.51366pt too wide) detected at line 3745
[] \OT1/cmr/m/n/12 = \OML/cmm/m/it/12 O[] [] :
 []


Overfull \hbox (4.07588pt too wide) in paragraph at lines 3761--3761
[] 
 []

[61]
Overfull \hbox (22.2918pt too wide) in paragraph at lines 3779--3779
[] 
 []


Overfull \hbox (49.57611pt too wide) in paragraph at lines 3829--3829
[] 
 []


Overfull \hbox (20.28227pt too wide) in paragraph at lines 3850--3850
[] 
 []

[62] [63]
Overfull \hbox (10.0784pt too wide) in paragraph at lines 3986--3986
[] 
 []


Overfull \hbox (55.79007pt too wide) detected at line 3999
[] []\OT1/cmr/m/n/12 ([]\OT1/cmr/bx/n/12 Z[]^^C[]Z[][]\OT1/cmr/m/n/12 ) = (\OML
/cmm/m/it/12 n \OMS/cmsy/m/n/12 ^^@ \OML/cmm/m/it/12 r\OT1/cmr/m/n/12 ) [](\OT1
/cmr/bx/n/12 ^^C[]\OT1/cmr/m/n/12 )\OML/cmm/m/it/12 ;  [] [] \OT1/cmr/m/n/12 = 
2(\OML/cmm/m/it/12 n \OMS/cmsy/m/n/12 ^^@ \OML/cmm/m/it/12 r\OT1/cmr/m/n/12 ) [
](\OT1/cmr/bx/n/12 ^^C[]\OT1/cmr/m/n/12 )\OML/cmm/m/it/12 :
 []

[64]
Overfull \hbox (28.8723pt too wide) in paragraph at lines 4078--4078
[] 
 []

[65]
Overfull \hbox (79.68094pt too wide) in paragraph at lines 4194--4194
[] 
 []

[66]
Overfull \hbox (28.33186pt too wide) detected at line 4285
[] [] \OT1/cmr/m/n/12 = \OML/cmm/m/it/12 O[] [] :
 []


Overfull \hbox (67.11707pt too wide) detected at line 4293
[] [] \OT1/cmr/m/n/12 = \OML/cmm/m/it/12 O[] [] :
 []


Overfull \hbox (28.8723pt too wide) in paragraph at lines 4307--4307
[] 
 []

[67]
Overfull \hbox (61.93428pt too wide) detected at line 4321
[] \OML/cmm/m/it/12 ^^U[] [] \OT1/cmr/m/n/12 = [](\OT1/cmr/bx/n/12 ^^C[]\OT1/cm
r/m/n/12 ) \OMS/cmsy/m/n/12 ^^@ [] \OT1/cmr/m/n/12 + \OML/cmm/m/it/12 O[] [] :
 []


Overfull \hbox (40.30406pt too wide) detected at line 4354
[] [][] \OT1/cmr/m/n/12 = [](\OT1/cmr/bx/n/12 ^^C[]\OT1/cmr/m/n/12 ) \OMS/cmsy/
m/n/12 ^^@ \OT1/cmr/m/n/12 2 [](\OT1/cmr/bx/n/12 ^^C[]U[]P[]U[]\OT1/cmr/m/n/12 
) + [](\OT1/cmr/bx/n/12 ^^C[]U[]P[]U[]\OT1/cmr/m/n/12 )[]\OML/cmm/m/it/12 :
 []


Overfull \hbox (42.02461pt too wide) in paragraph at lines 4371--4371
[] 
 []

[68]
Overfull \hbox (76.69785pt too wide) detected at line 4431
[] [][] \OT1/cmr/m/n/12 = [](\OT1/cmr/bx/n/12 ^^C[]\OT1/cmr/m/n/12 ) \OMS/cmsy/
m/n/12 ^^@ [] \OT1/cmr/m/n/12 + \OML/cmm/m/it/12 O[] [] :
 []

[69]
Overfull \hbox (47.37387pt too wide) detected at line 4463
[] \OT1/cmr/m/n/12 = [] + \OML/cmm/m/it/12 o[]\OT1/cmr/m/n/12 (1)\OML/cmm/m/it/
12 :
 []


Overfull \hbox (71.46812pt too wide) detected at line 4507
[] [] \OT1/cmr/bx/n/12 W[]\OML/cmm/m/it/12 :
 []


Overfull \hbox (40.92271pt too wide) detected at line 4518
[] [] \OT1/cmr/bx/n/12 W[]\OML/cmm/m/it/12 :
 []

[70]
Overfull \hbox (45.74846pt too wide) in paragraph at lines 4557--4557
[] 
 []


Overfull \hbox (22.37512pt too wide) in paragraph at lines 4615--4615
[] 
 []

[71]
Overfull \hbox (65.47827pt too wide) detected at line 4669
[] [] \OMS/cmsy/m/n/12 ^^T [] [] \OT1/cmr/m/n/12 = \OML/cmm/m/it/12 o[] [] :
 []


Overfull \hbox (13.82997pt too wide) detected at line 4690
[] \OT1/cmr/m/n/12 = \OML/cmm/m/it/12 o[] [] :
 []

[72]
Overfull \hbox (24.81276pt too wide) in paragraph at lines 4712--4719
\OT1/cmr/m/n/12 or $[](\OT1/cmr/bx/n/12 ^^C[]\OT1/cmr/m/n/12 )\OML/cmm/m/it/12 
=\OT1/cmr/m/n/12 (\OML/cmm/m/it/12 n[]\OT1/cmr/m/n/12 ) \OMS/cmsy/m/n/12 ! \OT1
/cmr/m/n/12 0$, we have $\OML/cmm/m/it/12 n[] []\OT1/cmr/m/n/12 (\OT1/cmr/bx/n/
12 ^^C[]\OT1/cmr/m/n/12 ) = \OML/cmm/m/it/12 o[] []$\OT1/cmr/m/n/12 .
 []

[73]
Overfull \hbox (39.87392pt too wide) detected at line 4816
\OML/cmm/m/it/12 ^^U[]\OT1/cmr/m/n/12 ([]) = \OML/cmm/m/it/12 n[]^^U[]\OT1/cmr/
m/n/12 (\OT1/cmr/bx/n/12 Z[]^^CZ\OT1/cmr/m/n/12 ) = \OML/cmm/m/it/12 n[] []\OT1
/cmr/m/n/12 (\OT1/cmr/bx/n/12 ^^F\OT1/cmr/m/n/12 ) + \OML/cmm/m/it/12 O[] [] \O
T1/cmr/m/n/12 = (1 + \OML/cmm/m/it/12 o[]\OT1/cmr/m/n/12 (1))\OML/cmm/m/it/12 n
[] []\OT1/cmr/m/n/12 (\OT1/cmr/bx/n/12 ^^F\OT1/cmr/m/n/12 )\OML/cmm/m/it/12 :
 []

[74] [75] (./main.bbl [76] [77]
Missing character: There is no Ã in font cmti9!
Missing character: There is no © in font cmti9!
 [78] [79])
Package atveryend Info: Empty hook `BeforeClearDocument' on input line 5001.
 [80]
Package atveryend Info: Empty hook `AfterLastShipout' on input line 5001.
 (./main.aux)
Package atveryend Info: Executing hook `AtVeryEndDocument' on input line 5001.
Package atveryend Info: Executing hook `AtEndAfterFileList' on input line 5001.

Package rerunfilecheck Info: File `main.out' has not changed.
(rerunfilecheck)             Checksum: D62C0AC44E3B616DD83B28A7F65275FC;477.
Package atveryend Info: Empty hook `AtVeryVeryEnd' on input line 5001.
 ) 
Here is how much of TeX's memory you used:
 8226 strings out of 493029
 117498 string characters out of 6136235
 243843 words of memory out of 5000000
 11388 multiletter control sequences out of 15000+600000
 15176 words of font info for 55 fonts, out of 8000000 for 9000
 1141 hyphenation exceptions out of 8191
 34i,25n,45p,417b,506s stack positions out of 5000i,500n,10000p,200000b,80000s
</usr/share/texlive/texmf-dist/fonts/type1/public/amsfonts/cm/cmbx12.pfb></us
r/share/texlive/texmf-dist/fonts/type1/public/amsfonts/cm/cmbx6.pfb></usr/share
/texlive/texmf-dist/fonts/type1/public/amsfonts/cm/cmbx8.pfb></usr/share/texliv
e/texmf-dist/fonts/type1/public/amsfonts/cm/cmbxti10.pfb></usr/share/texlive/te
xmf-dist/fonts/type1/public/amsfonts/cm/cmex10.pfb></usr/share/texlive/texmf-di
st/fonts/type1/public/amsfonts/cmextra/cmex8.pfb></usr/share/texlive/texmf-dist
/fonts/type1/public/amsfonts/cm/cmmi12.pfb></usr/share/texlive/texmf-dist/fonts
/type1/public/amsfonts/cm/cmmi6.pfb></usr/share/texlive/texmf-dist/fonts/type1/
public/amsfonts/cm/cmmi8.pfb></usr/share/texlive/texmf-dist/fonts/type1/public/
amsfonts/cm/cmmib10.pfb></usr/share/texlive/texmf-dist/fonts/type1/public/amsfo
nts/cm/cmr10.pfb></usr/share/texlive/texmf-dist/fonts/type1/public/amsfonts/cm/
cmr12.pfb></usr/share/texlive/texmf-dist/fonts/type1/public/amsfonts/cm/cmr6.pf
b></usr/share/texlive/texmf-dist/fonts/type1/public/amsfonts/cm/cmr8.pfb></usr/
share/texlive/texmf-dist/fonts/type1/public/amsfonts/cm/cmr9.pfb></usr/share/te
xlive/texmf-dist/fonts/type1/public/amsfonts/cm/cmsy10.pfb></usr/share/texlive/
texmf-dist/fonts/type1/public/amsfonts/cm/cmsy6.pfb></usr/share/texlive/texmf-d
ist/fonts/type1/public/amsfonts/cm/cmsy8.pfb></usr/share/texlive/texmf-dist/fon
ts/type1/public/amsfonts/cm/cmti12.pfb></usr/share/texlive/texmf-dist/fonts/typ
e1/public/amsfonts/cm/cmti9.pfb></usr/share/texlive/texmf-dist/fonts/type1/publ
ic/amsfonts/symbols/msbm10.pfb>
Output written on main.pdf (80 pages, 462748 bytes).
PDF statistics:
 969 PDF objects out of 1000 (max. 8388607)
 853 compressed objects within 9 object streams
 219 named destinations out of 1000 (max. 500000)
 70 words of extra memory for PDF output out of 10000 (max. 10000000)

